INFO	?	main	2017-02-05T20:23:11.535Z	org.javacs.Main#connectToNode	Connected to parent using socket on port 55282
INFO	?	main	2017-02-05T20:23:11.683Z	org.javacs.JavaLanguageServer#doLint	Lint [/Users/siddardhaboddapati/Documents/GitHub/DataStructuresJavaFifth/Java5thAlgos/Chapter 5: Stacks And Queues/Stack_Interface/ArrayStack.java]
INFO	?	main	2017-02-05T20:23:11.777Z	org.javacs.JavaLanguageServer#doLint	Lint [/Users/siddardhaboddapati/Documents/GitHub/DataStructuresJavaFifth/Java5thAlgos/Chapter 5: Stacks And Queues/Stack_Interface/Stack.java]
SEVERE	?	main	2017-02-05T20:23:11.782Z	org.javacs.Main$4#onError	Can't find configuration file for /Users/siddardhaboddapati/Documents/GitHub/DataStructuresJavaFifth/Java5thAlgos/Chapter 5: Stacks And Queues/Stack_Interface/ArrayStack.java
org.javacs.NoJavaConfigException: Can't find configuration file for /Users/siddardhaboddapati/Documents/GitHub/DataStructuresJavaFifth/Java5thAlgos/Chapter 5: Stacks And Queues/Stack_Interface/ArrayStack.java
	at org.javacs.JavaLanguageServer.lambda$findCompiler$21(JavaLanguageServer.java:479)
	at java.util.Optional.orElseThrow(Optional.java:290)
	at org.javacs.JavaLanguageServer.findCompiler(JavaLanguageServer.java:479)
	at org.javacs.JavaLanguageServer.access$600(JavaLanguageServer.java:31)
	at org.javacs.JavaLanguageServer$1.didClose(JavaLanguageServer.java:227)
	at io.typefox.lsapi.services.transport.server.LanguageServerEndpoint._doAccept(LanguageServerEndpoint.xtend:202)
	at io.typefox.lsapi.services.transport.server.LanguageServerEndpoint.doAccept(LanguageServerEndpoint.xtend:194)
	at io.typefox.lsapi.services.transport.server.LanguageServerEndpoint.accept(LanguageServerEndpoint.xtend:114)
	at io.typefox.lsapi.services.transport.server.LanguageServerEndpoint.accept(LanguageServerEndpoint.xtend)
	at io.typefox.lsapi.services.transport.AbstractLanguageEndpoint.handleMessage(LanguageEndpoint.xtend:67)
	at io.typefox.lsapi.services.transport.AbstractLanguageEndpoint.lambda$connect$4(LanguageEndpoint.xtend:61)
	at io.typefox.lsapi.services.json.StreamMessageReader$1.apply(StreamMessageReader.java:46)
	at io.typefox.lsapi.services.json.StreamMessageReader$1.apply(StreamMessageReader.java:44)
	at io.typefox.lsapi.services.json.StreamMessageReader.handleMessage(StreamMessageReader.xtend:128)
	at io.typefox.lsapi.services.json.StreamMessageReader.listen(StreamMessageReader.xtend:61)
	at io.typefox.lsapi.services.transport.AbstractLanguageEndpoint.connect(LanguageEndpoint.xtend:60)
	at org.javacs.Main.run(Main.java:150)
	at org.javacs.Main.main(Main.java:69)

SEVERE	?	main	2017-02-05T20:23:22.608Z	org.javacs.Main$4#onError	Can't find configuration file for /Users/siddardhaboddapati/Documents/GitHub/DataStructuresJavaFifth/Java5thAlgos/Chapter 5: Stacks And Queues/Stack_Interface/Stack.java
org.javacs.NoJavaConfigException: Can't find configuration file for /Users/siddardhaboddapati/Documents/GitHub/DataStructuresJavaFifth/Java5thAlgos/Chapter 5: Stacks And Queues/Stack_Interface/Stack.java
	at org.javacs.JavaLanguageServer.lambda$findCompiler$21(JavaLanguageServer.java:479)
	at java.util.Optional.orElseThrow(Optional.java:290)
	at org.javacs.JavaLanguageServer.findCompiler(JavaLanguageServer.java:479)
	at org.javacs.JavaLanguageServer.findTree(JavaLanguageServer.java:809)
	at org.javacs.JavaLanguageServer.lambda$doHover$34(JavaLanguageServer.java:983)
	at java.util.Optional.ifPresent(Optional.java:159)
	at org.javacs.JavaLanguageServer.doHover(JavaLanguageServer.java:982)
	at org.javacs.JavaLanguageServer.access$000(JavaLanguageServer.java:31)
	at org.javacs.JavaLanguageServer$1.hover(JavaLanguageServer.java:118)
	at io.typefox.lsapi.services.transport.server.LanguageServerEndpoint._doAccept(LanguageServerEndpoint.xtend:130)
	at io.typefox.lsapi.services.transport.server.LanguageServerEndpoint.doAccept(LanguageServerEndpoint.xtend:117)
	at io.typefox.lsapi.services.transport.server.LanguageServerEndpoint.accept(LanguageServerEndpoint.xtend:114)
	at io.typefox.lsapi.services.transport.server.LanguageServerEndpoint.accept(LanguageServerEndpoint.xtend)
	at io.typefox.lsapi.services.transport.AbstractLanguageEndpoint.handleMessage(LanguageEndpoint.xtend:67)
	at io.typefox.lsapi.services.transport.AbstractLanguageEndpoint.lambda$connect$4(LanguageEndpoint.xtend:61)
	at io.typefox.lsapi.services.json.StreamMessageReader$1.apply(StreamMessageReader.java:46)
	at io.typefox.lsapi.services.json.StreamMessageReader$1.apply(StreamMessageReader.java:44)
	at io.typefox.lsapi.services.json.StreamMessageReader.handleMessage(StreamMessageReader.xtend:128)
	at io.typefox.lsapi.services.json.StreamMessageReader.listen(StreamMessageReader.xtend:61)
	at io.typefox.lsapi.services.transport.AbstractLanguageEndpoint.connect(LanguageEndpoint.xtend:60)
	at org.javacs.Main.run(Main.java:150)
	at org.javacs.Main.main(Main.java:69)

SEVERE	?	main	2017-02-05T20:23:25.984Z	org.javacs.Main$4#onError	Can't find configuration file for /Users/siddardhaboddapati/Documents/GitHub/DataStructuresJavaFifth/Java5thAlgos/Chapter 5: Stacks And Queues/Stack_Interface/Stack.java
org.javacs.NoJavaConfigException: Can't find configuration file for /Users/siddardhaboddapati/Documents/GitHub/DataStructuresJavaFifth/Java5thAlgos/Chapter 5: Stacks And Queues/Stack_Interface/Stack.java
	at org.javacs.JavaLanguageServer.lambda$findCompiler$21(JavaLanguageServer.java:479)
	at java.util.Optional.orElseThrow(Optional.java:290)
	at org.javacs.JavaLanguageServer.findCompiler(JavaLanguageServer.java:479)
	at org.javacs.JavaLanguageServer.access$600(JavaLanguageServer.java:31)
	at org.javacs.JavaLanguageServer$1.didClose(JavaLanguageServer.java:227)
	at io.typefox.lsapi.services.transport.server.LanguageServerEndpoint._doAccept(LanguageServerEndpoint.xtend:202)
	at io.typefox.lsapi.services.transport.server.LanguageServerEndpoint.doAccept(LanguageServerEndpoint.xtend:194)
	at io.typefox.lsapi.services.transport.server.LanguageServerEndpoint.accept(LanguageServerEndpoint.xtend:114)
	at io.typefox.lsapi.services.transport.server.LanguageServerEndpoint.accept(LanguageServerEndpoint.xtend)
	at io.typefox.lsapi.services.transport.AbstractLanguageEndpoint.handleMessage(LanguageEndpoint.xtend:67)
	at io.typefox.lsapi.services.transport.AbstractLanguageEndpoint.lambda$connect$4(LanguageEndpoint.xtend:61)
	at io.typefox.lsapi.services.json.StreamMessageReader$1.apply(StreamMessageReader.java:46)
	at io.typefox.lsapi.services.json.StreamMessageReader$1.apply(StreamMessageReader.java:44)
	at io.typefox.lsapi.services.json.StreamMessageReader.handleMessage(StreamMessageReader.xtend:128)
	at io.typefox.lsapi.services.json.StreamMessageReader.listen(StreamMessageReader.xtend:61)
	at io.typefox.lsapi.services.transport.AbstractLanguageEndpoint.connect(LanguageEndpoint.xtend:60)
	at org.javacs.Main.run(Main.java:150)
	at org.javacs.Main.main(Main.java:69)

INFO	?	main	2017-02-05T20:23:33.538Z	org.javacs.JavaLanguageServer#doLint	Lint [/Users/siddardhaboddapati/Documents/GitHub/DataStructuresJavaFifth/Java5thAlgos/Chapter 5: Stacks And Queues/Stack_Interface/ArrayStack.java]
SEVERE	?	main	2017-02-05T20:24:03.876Z	org.javacs.Main$4#onError	Can't find configuration file for /Users/siddardhaboddapati/Documents/GitHub/DataStructuresJavaFifth/Java5thAlgos/Chapter 5: Stacks And Queues/Stack_Interface/ArrayStack.java
org.javacs.NoJavaConfigException: Can't find configuration file for /Users/siddardhaboddapati/Documents/GitHub/DataStructuresJavaFifth/Java5thAlgos/Chapter 5: Stacks And Queues/Stack_Interface/ArrayStack.java
	at org.javacs.JavaLanguageServer.lambda$findCompiler$21(JavaLanguageServer.java:479)
	at java.util.Optional.orElseThrow(Optional.java:290)
	at org.javacs.JavaLanguageServer.findCompiler(JavaLanguageServer.java:479)
	at org.javacs.JavaLanguageServer.findTree(JavaLanguageServer.java:809)
	at org.javacs.JavaLanguageServer.lambda$doHover$34(JavaLanguageServer.java:983)
	at java.util.Optional.ifPresent(Optional.java:159)
	at org.javacs.JavaLanguageServer.doHover(JavaLanguageServer.java:982)
	at org.javacs.JavaLanguageServer.access$000(JavaLanguageServer.java:31)
	at org.javacs.JavaLanguageServer$1.hover(JavaLanguageServer.java:118)
	at io.typefox.lsapi.services.transport.server.LanguageServerEndpoint._doAccept(LanguageServerEndpoint.xtend:130)
	at io.typefox.lsapi.services.transport.server.LanguageServerEndpoint.doAccept(LanguageServerEndpoint.xtend:117)
	at io.typefox.lsapi.services.transport.server.LanguageServerEndpoint.accept(LanguageServerEndpoint.xtend:114)
	at io.typefox.lsapi.services.transport.server.LanguageServerEndpoint.accept(LanguageServerEndpoint.xtend)
	at io.typefox.lsapi.services.transport.AbstractLanguageEndpoint.handleMessage(LanguageEndpoint.xtend:67)
	at io.typefox.lsapi.services.transport.AbstractLanguageEndpoint.lambda$connect$4(LanguageEndpoint.xtend:61)
	at io.typefox.lsapi.services.json.StreamMessageReader$1.apply(StreamMessageReader.java:46)
	at io.typefox.lsapi.services.json.StreamMessageReader$1.apply(StreamMessageReader.java:44)
	at io.typefox.lsapi.services.json.StreamMessageReader.handleMessage(StreamMessageReader.xtend:128)
	at io.typefox.lsapi.services.json.StreamMessageReader.listen(StreamMessageReader.xtend:61)
	at io.typefox.lsapi.services.transport.AbstractLanguageEndpoint.connect(LanguageEndpoint.xtend:60)
	at org.javacs.Main.run(Main.java:150)
	at org.javacs.Main.main(Main.java:69)

SEVERE	?	main	2017-02-05T20:27:34.900Z	org.javacs.Main$4#onError	Can't find configuration file for /Users/siddardhaboddapati/Documents/GitHub/DataStructuresJavaFifth/Java5thAlgos/Chapter 5: Stacks And Queues/Stack_Interface/ArrayStack.java
org.javacs.NoJavaConfigException: Can't find configuration file for /Users/siddardhaboddapati/Documents/GitHub/DataStructuresJavaFifth/Java5thAlgos/Chapter 5: Stacks And Queues/Stack_Interface/ArrayStack.java
	at org.javacs.JavaLanguageServer.lambda$findCompiler$21(JavaLanguageServer.java:479)
	at java.util.Optional.orElseThrow(Optional.java:290)
	at org.javacs.JavaLanguageServer.findCompiler(JavaLanguageServer.java:479)
	at org.javacs.JavaLanguageServer.autocomplete(JavaLanguageServer.java:1057)
	at org.javacs.JavaLanguageServer$1.completion(JavaLanguageServer.java:108)
	at io.typefox.lsapi.services.transport.server.LanguageServerEndpoint._doAccept(LanguageServerEndpoint.xtend:126)
	at io.typefox.lsapi.services.transport.server.LanguageServerEndpoint.doAccept(LanguageServerEndpoint.xtend:117)
	at io.typefox.lsapi.services.transport.server.LanguageServerEndpoint.accept(LanguageServerEndpoint.xtend:114)
	at io.typefox.lsapi.services.transport.server.LanguageServerEndpoint.accept(LanguageServerEndpoint.xtend)
	at io.typefox.lsapi.services.transport.AbstractLanguageEndpoint.handleMessage(LanguageEndpoint.xtend:67)
	at io.typefox.lsapi.services.transport.AbstractLanguageEndpoint.lambda$connect$4(LanguageEndpoint.xtend:61)
	at io.typefox.lsapi.services.json.StreamMessageReader$1.apply(StreamMessageReader.java:46)
	at io.typefox.lsapi.services.json.StreamMessageReader$1.apply(StreamMessageReader.java:44)
	at io.typefox.lsapi.services.json.StreamMessageReader.handleMessage(StreamMessageReader.xtend:128)
	at io.typefox.lsapi.services.json.StreamMessageReader.listen(StreamMessageReader.xtend:61)
	at io.typefox.lsapi.services.transport.AbstractLanguageEndpoint.connect(LanguageEndpoint.xtend:60)
	at org.javacs.Main.run(Main.java:150)
	at org.javacs.Main.main(Main.java:69)

SEVERE	?	main	2017-02-05T20:27:42.261Z	org.javacs.Main$4#onError	Can't find configuration file for /Users/siddardhaboddapati/Documents/GitHub/DataStructuresJavaFifth/Java5thAlgos/Chapter 5: Stacks And Queues/Stack_Interface/ArrayStack.java
org.javacs.NoJavaConfigException: Can't find configuration file for /Users/siddardhaboddapati/Documents/GitHub/DataStructuresJavaFifth/Java5thAlgos/Chapter 5: Stacks And Queues/Stack_Interface/ArrayStack.java
	at org.javacs.JavaLanguageServer.lambda$findCompiler$21(JavaLanguageServer.java:479)
	at java.util.Optional.orElseThrow(Optional.java:290)
	at org.javacs.JavaLanguageServer.findCompiler(JavaLanguageServer.java:479)
	at org.javacs.JavaLanguageServer.findTree(JavaLanguageServer.java:809)
	at org.javacs.JavaLanguageServer.lambda$doHover$34(JavaLanguageServer.java:983)
	at java.util.Optional.ifPresent(Optional.java:159)
	at org.javacs.JavaLanguageServer.doHover(JavaLanguageServer.java:982)
	at org.javacs.JavaLanguageServer.access$000(JavaLanguageServer.java:31)
	at org.javacs.JavaLanguageServer$1.hover(JavaLanguageServer.java:118)
	at io.typefox.lsapi.services.transport.server.LanguageServerEndpoint._doAccept(LanguageServerEndpoint.xtend:130)
	at io.typefox.lsapi.services.transport.server.LanguageServerEndpoint.doAccept(LanguageServerEndpoint.xtend:117)
	at io.typefox.lsapi.services.transport.server.LanguageServerEndpoint.accept(LanguageServerEndpoint.xtend:114)
	at io.typefox.lsapi.services.transport.server.LanguageServerEndpoint.accept(LanguageServerEndpoint.xtend)
	at io.typefox.lsapi.services.transport.AbstractLanguageEndpoint.handleMessage(LanguageEndpoint.xtend:67)
	at io.typefox.lsapi.services.transport.AbstractLanguageEndpoint.lambda$connect$4(LanguageEndpoint.xtend:61)
	at io.typefox.lsapi.services.json.StreamMessageReader$1.apply(StreamMessageReader.java:46)
	at io.typefox.lsapi.services.json.StreamMessageReader$1.apply(StreamMessageReader.java:44)
	at io.typefox.lsapi.services.json.StreamMessageReader.handleMessage(StreamMessageReader.xtend:128)
	at io.typefox.lsapi.services.json.StreamMessageReader.listen(StreamMessageReader.xtend:61)
	at io.typefox.lsapi.services.transport.AbstractLanguageEndpoint.connect(LanguageEndpoint.xtend:60)
	at org.javacs.Main.run(Main.java:150)
	at org.javacs.Main.main(Main.java:69)

INFO	?	main	2017-02-05T20:27:45.500Z	org.javacs.JavaLanguageServer#doLint	Lint [/Users/siddardhaboddapati/Documents/GitHub/DataStructuresJavaFifth/Java5thAlgos/Chapter 5: Stacks And Queues/Stack_Interface/Stack.java, /Users/siddardhaboddapati/Documents/GitHub/DataStructuresJavaFifth/Java5thAlgos/Chapter 5: Stacks And Queues/Stack_Interface/ArrayStack.java]
INFO	?	main	2017-02-05T20:27:52.690Z	org.javacs.JavaLanguageServer#doLint	Lint [/Users/siddardhaboddapati/Documents/GitHub/DataStructuresJavaFifth/Java5thAlgos/Chapter 5: Stacks And Queues/Stack_Interface/Stack.java, /Users/siddardhaboddapati/Documents/GitHub/DataStructuresJavaFifth/Java5thAlgos/Chapter 5: Stacks And Queues/Stack_Interface/ArrayStack.java]
SEVERE	?	main	2017-02-05T20:27:54.108Z	org.javacs.Main$4#onError	Can't find configuration file for /Users/siddardhaboddapati/Documents/GitHub/DataStructuresJavaFifth/Java5thAlgos/Chapter 5: Stacks And Queues/Stack_Interface/ArrayStack.java
org.javacs.NoJavaConfigException: Can't find configuration file for /Users/siddardhaboddapati/Documents/GitHub/DataStructuresJavaFifth/Java5thAlgos/Chapter 5: Stacks And Queues/Stack_Interface/ArrayStack.java
	at org.javacs.JavaLanguageServer.lambda$findCompiler$21(JavaLanguageServer.java:479)
	at java.util.Optional.orElseThrow(Optional.java:290)
	at org.javacs.JavaLanguageServer.findCompiler(JavaLanguageServer.java:479)
	at org.javacs.JavaLanguageServer.findTree(JavaLanguageServer.java:809)
	at org.javacs.JavaLanguageServer.lambda$doHover$34(JavaLanguageServer.java:983)
	at java.util.Optional.ifPresent(Optional.java:159)
	at org.javacs.JavaLanguageServer.doHover(JavaLanguageServer.java:982)
	at org.javacs.JavaLanguageServer.access$000(JavaLanguageServer.java:31)
	at org.javacs.JavaLanguageServer$1.hover(JavaLanguageServer.java:118)
	at io.typefox.lsapi.services.transport.server.LanguageServerEndpoint._doAccept(LanguageServerEndpoint.xtend:130)
	at io.typefox.lsapi.services.transport.server.LanguageServerEndpoint.doAccept(LanguageServerEndpoint.xtend:117)
	at io.typefox.lsapi.services.transport.server.LanguageServerEndpoint.accept(LanguageServerEndpoint.xtend:114)
	at io.typefox.lsapi.services.transport.server.LanguageServerEndpoint.accept(LanguageServerEndpoint.xtend)
	at io.typefox.lsapi.services.transport.AbstractLanguageEndpoint.handleMessage(LanguageEndpoint.xtend:67)
	at io.typefox.lsapi.services.transport.AbstractLanguageEndpoint.lambda$connect$4(LanguageEndpoint.xtend:61)
	at io.typefox.lsapi.services.json.StreamMessageReader$1.apply(StreamMessageReader.java:46)
	at io.typefox.lsapi.services.json.StreamMessageReader$1.apply(StreamMessageReader.java:44)
	at io.typefox.lsapi.services.json.StreamMessageReader.handleMessage(StreamMessageReader.xtend:128)
	at io.typefox.lsapi.services.json.StreamMessageReader.listen(StreamMessageReader.xtend:61)
	at io.typefox.lsapi.services.transport.AbstractLanguageEndpoint.connect(LanguageEndpoint.xtend:60)
	at org.javacs.Main.run(Main.java:150)
	at org.javacs.Main.main(Main.java:69)

SEVERE	?	main	2017-02-05T20:28:00.166Z	org.javacs.Main$4#onError	Can't find configuration file for /Users/siddardhaboddapati/Documents/GitHub/DataStructuresJavaFifth/Java5thAlgos/Chapter 5: Stacks And Queues/Stack_Interface/ArrayStack.java
org.javacs.NoJavaConfigException: Can't find configuration file for /Users/siddardhaboddapati/Documents/GitHub/DataStructuresJavaFifth/Java5thAlgos/Chapter 5: Stacks And Queues/Stack_Interface/ArrayStack.java
	at org.javacs.JavaLanguageServer.lambda$findCompiler$21(JavaLanguageServer.java:479)
	at java.util.Optional.orElseThrow(Optional.java:290)
	at org.javacs.JavaLanguageServer.findCompiler(JavaLanguageServer.java:479)
	at org.javacs.JavaLanguageServer.autocomplete(JavaLanguageServer.java:1057)
	at org.javacs.JavaLanguageServer$1.completion(JavaLanguageServer.java:108)
	at io.typefox.lsapi.services.transport.server.LanguageServerEndpoint._doAccept(LanguageServerEndpoint.xtend:126)
	at io.typefox.lsapi.services.transport.server.LanguageServerEndpoint.doAccept(LanguageServerEndpoint.xtend:117)
	at io.typefox.lsapi.services.transport.server.LanguageServerEndpoint.accept(LanguageServerEndpoint.xtend:114)
	at io.typefox.lsapi.services.transport.server.LanguageServerEndpoint.accept(LanguageServerEndpoint.xtend)
	at io.typefox.lsapi.services.transport.AbstractLanguageEndpoint.handleMessage(LanguageEndpoint.xtend:67)
	at io.typefox.lsapi.services.transport.AbstractLanguageEndpoint.lambda$connect$4(LanguageEndpoint.xtend:61)
	at io.typefox.lsapi.services.json.StreamMessageReader$1.apply(StreamMessageReader.java:46)
	at io.typefox.lsapi.services.json.StreamMessageReader$1.apply(StreamMessageReader.java:44)
	at io.typefox.lsapi.services.json.StreamMessageReader.handleMessage(StreamMessageReader.xtend:128)
	at io.typefox.lsapi.services.json.StreamMessageReader.listen(StreamMessageReader.xtend:61)
	at io.typefox.lsapi.services.transport.AbstractLanguageEndpoint.connect(LanguageEndpoint.xtend:60)
	at org.javacs.Main.run(Main.java:150)
	at org.javacs.Main.main(Main.java:69)

SEVERE	?	main	2017-02-05T20:28:01.518Z	org.javacs.Main$4#onError	Can't find configuration file for /Users/siddardhaboddapati/Documents/GitHub/DataStructuresJavaFifth/Java5thAlgos/Chapter 5: Stacks And Queues/Stack_Interface/ArrayStack.java
org.javacs.NoJavaConfigException: Can't find configuration file for /Users/siddardhaboddapati/Documents/GitHub/DataStructuresJavaFifth/Java5thAlgos/Chapter 5: Stacks And Queues/Stack_Interface/ArrayStack.java
	at org.javacs.JavaLanguageServer.lambda$findCompiler$21(JavaLanguageServer.java:479)
	at java.util.Optional.orElseThrow(Optional.java:290)
	at org.javacs.JavaLanguageServer.findCompiler(JavaLanguageServer.java:479)
	at org.javacs.JavaLanguageServer.autocomplete(JavaLanguageServer.java:1057)
	at org.javacs.JavaLanguageServer$1.completion(JavaLanguageServer.java:108)
	at io.typefox.lsapi.services.transport.server.LanguageServerEndpoint._doAccept(LanguageServerEndpoint.xtend:126)
	at io.typefox.lsapi.services.transport.server.LanguageServerEndpoint.doAccept(LanguageServerEndpoint.xtend:117)
	at io.typefox.lsapi.services.transport.server.LanguageServerEndpoint.accept(LanguageServerEndpoint.xtend:114)
	at io.typefox.lsapi.services.transport.server.LanguageServerEndpoint.accept(LanguageServerEndpoint.xtend)
	at io.typefox.lsapi.services.transport.AbstractLanguageEndpoint.handleMessage(LanguageEndpoint.xtend:67)
	at io.typefox.lsapi.services.transport.AbstractLanguageEndpoint.lambda$connect$4(LanguageEndpoint.xtend:61)
	at io.typefox.lsapi.services.json.StreamMessageReader$1.apply(StreamMessageReader.java:46)
	at io.typefox.lsapi.services.json.StreamMessageReader$1.apply(StreamMessageReader.java:44)
	at io.typefox.lsapi.services.json.StreamMessageReader.handleMessage(StreamMessageReader.xtend:128)
	at io.typefox.lsapi.services.json.StreamMessageReader.listen(StreamMessageReader.xtend:61)
	at io.typefox.lsapi.services.transport.AbstractLanguageEndpoint.connect(LanguageEndpoint.xtend:60)
	at org.javacs.Main.run(Main.java:150)
	at org.javacs.Main.main(Main.java:69)

SEVERE	?	main	2017-02-05T20:28:01.722Z	org.javacs.Main$4#onError	Can't find configuration file for /Users/siddardhaboddapati/Documents/GitHub/DataStructuresJavaFifth/Java5thAlgos/Chapter 5: Stacks And Queues/Stack_Interface/ArrayStack.java
org.javacs.NoJavaConfigException: Can't find configuration file for /Users/siddardhaboddapati/Documents/GitHub/DataStructuresJavaFifth/Java5thAlgos/Chapter 5: Stacks And Queues/Stack_Interface/ArrayStack.java
	at org.javacs.JavaLanguageServer.lambda$findCompiler$21(JavaLanguageServer.java:479)
	at java.util.Optional.orElseThrow(Optional.java:290)
	at org.javacs.JavaLanguageServer.findCompiler(JavaLanguageServer.java:479)
	at org.javacs.JavaLanguageServer.autocomplete(JavaLanguageServer.java:1057)
	at org.javacs.JavaLanguageServer$1.completion(JavaLanguageServer.java:108)
	at io.typefox.lsapi.services.transport.server.LanguageServerEndpoint._doAccept(LanguageServerEndpoint.xtend:126)
	at io.typefox.lsapi.services.transport.server.LanguageServerEndpoint.doAccept(LanguageServerEndpoint.xtend:117)
	at io.typefox.lsapi.services.transport.server.LanguageServerEndpoint.accept(LanguageServerEndpoint.xtend:114)
	at io.typefox.lsapi.services.transport.server.LanguageServerEndpoint.accept(LanguageServerEndpoint.xtend)
	at io.typefox.lsapi.services.transport.AbstractLanguageEndpoint.handleMessage(LanguageEndpoint.xtend:67)
	at io.typefox.lsapi.services.transport.AbstractLanguageEndpoint.lambda$connect$4(LanguageEndpoint.xtend:61)
	at io.typefox.lsapi.services.json.StreamMessageReader$1.apply(StreamMessageReader.java:46)
	at io.typefox.lsapi.services.json.StreamMessageReader$1.apply(StreamMessageReader.java:44)
	at io.typefox.lsapi.services.json.StreamMessageReader.handleMessage(StreamMessageReader.xtend:128)
	at io.typefox.lsapi.services.json.StreamMessageReader.listen(StreamMessageReader.xtend:61)
	at io.typefox.lsapi.services.transport.AbstractLanguageEndpoint.connect(LanguageEndpoint.xtend:60)
	at org.javacs.Main.run(Main.java:150)
	at org.javacs.Main.main(Main.java:69)

SEVERE	?	main	2017-02-05T20:28:01.879Z	org.javacs.Main$4#onError	Can't find configuration file for /Users/siddardhaboddapati/Documents/GitHub/DataStructuresJavaFifth/Java5thAlgos/Chapter 5: Stacks And Queues/Stack_Interface/ArrayStack.java
org.javacs.NoJavaConfigException: Can't find configuration file for /Users/siddardhaboddapati/Documents/GitHub/DataStructuresJavaFifth/Java5thAlgos/Chapter 5: Stacks And Queues/Stack_Interface/ArrayStack.java
	at org.javacs.JavaLanguageServer.lambda$findCompiler$21(JavaLanguageServer.java:479)
	at java.util.Optional.orElseThrow(Optional.java:290)
	at org.javacs.JavaLanguageServer.findCompiler(JavaLanguageServer.java:479)
	at org.javacs.JavaLanguageServer.autocomplete(JavaLanguageServer.java:1057)
	at org.javacs.JavaLanguageServer$1.completion(JavaLanguageServer.java:108)
	at io.typefox.lsapi.services.transport.server.LanguageServerEndpoint._doAccept(LanguageServerEndpoint.xtend:126)
	at io.typefox.lsapi.services.transport.server.LanguageServerEndpoint.doAccept(LanguageServerEndpoint.xtend:117)
	at io.typefox.lsapi.services.transport.server.LanguageServerEndpoint.accept(LanguageServerEndpoint.xtend:114)
	at io.typefox.lsapi.services.transport.server.LanguageServerEndpoint.accept(LanguageServerEndpoint.xtend)
	at io.typefox.lsapi.services.transport.AbstractLanguageEndpoint.handleMessage(LanguageEndpoint.xtend:67)
	at io.typefox.lsapi.services.transport.AbstractLanguageEndpoint.lambda$connect$4(LanguageEndpoint.xtend:61)
	at io.typefox.lsapi.services.json.StreamMessageReader$1.apply(StreamMessageReader.java:46)
	at io.typefox.lsapi.services.json.StreamMessageReader$1.apply(StreamMessageReader.java:44)
	at io.typefox.lsapi.services.json.StreamMessageReader.handleMessage(StreamMessageReader.xtend:128)
	at io.typefox.lsapi.services.json.StreamMessageReader.listen(StreamMessageReader.xtend:61)
	at io.typefox.lsapi.services.transport.AbstractLanguageEndpoint.connect(LanguageEndpoint.xtend:60)
	at org.javacs.Main.run(Main.java:150)
	at org.javacs.Main.main(Main.java:69)

SEVERE	?	main	2017-02-05T20:28:03.789Z	org.javacs.Main$4#onError	Can't find configuration file for /Users/siddardhaboddapati/Documents/GitHub/DataStructuresJavaFifth/Java5thAlgos/Chapter 5: Stacks And Queues/Stack_Interface/ArrayStack.java
org.javacs.NoJavaConfigException: Can't find configuration file for /Users/siddardhaboddapati/Documents/GitHub/DataStructuresJavaFifth/Java5thAlgos/Chapter 5: Stacks And Queues/Stack_Interface/ArrayStack.java
	at org.javacs.JavaLanguageServer.lambda$findCompiler$21(JavaLanguageServer.java:479)
	at java.util.Optional.orElseThrow(Optional.java:290)
	at org.javacs.JavaLanguageServer.findCompiler(JavaLanguageServer.java:479)
	at org.javacs.JavaLanguageServer.autocomplete(JavaLanguageServer.java:1057)
	at org.javacs.JavaLanguageServer$1.completion(JavaLanguageServer.java:108)
	at io.typefox.lsapi.services.transport.server.LanguageServerEndpoint._doAccept(LanguageServerEndpoint.xtend:126)
	at io.typefox.lsapi.services.transport.server.LanguageServerEndpoint.doAccept(LanguageServerEndpoint.xtend:117)
	at io.typefox.lsapi.services.transport.server.LanguageServerEndpoint.accept(LanguageServerEndpoint.xtend:114)
	at io.typefox.lsapi.services.transport.server.LanguageServerEndpoint.accept(LanguageServerEndpoint.xtend)
	at io.typefox.lsapi.services.transport.AbstractLanguageEndpoint.handleMessage(LanguageEndpoint.xtend:67)
	at io.typefox.lsapi.services.transport.AbstractLanguageEndpoint.lambda$connect$4(LanguageEndpoint.xtend:61)
	at io.typefox.lsapi.services.json.StreamMessageReader$1.apply(StreamMessageReader.java:46)
	at io.typefox.lsapi.services.json.StreamMessageReader$1.apply(StreamMessageReader.java:44)
	at io.typefox.lsapi.services.json.StreamMessageReader.handleMessage(StreamMessageReader.xtend:128)
	at io.typefox.lsapi.services.json.StreamMessageReader.listen(StreamMessageReader.xtend:61)
	at io.typefox.lsapi.services.transport.AbstractLanguageEndpoint.connect(LanguageEndpoint.xtend:60)
	at org.javacs.Main.run(Main.java:150)
	at org.javacs.Main.main(Main.java:69)

INFO	?	main	2017-02-05T20:28:15.176Z	org.javacs.JavaLanguageServer#doLint	Lint [/Users/siddardhaboddapati/Documents/GitHub/DataStructuresJavaFifth/Java5thAlgos/Chapter 5: Stacks And Queues/Stack_Interface/Stack.java, /Users/siddardhaboddapati/Documents/GitHub/DataStructuresJavaFifth/Java5thAlgos/Chapter 5: Stacks And Queues/Stack_Interface/ArrayStack.java]
SEVERE	?	main	2017-02-05T20:28:18.004Z	org.javacs.Main$4#onError	Can't find configuration file for /Users/siddardhaboddapati/Documents/GitHub/DataStructuresJavaFifth/Java5thAlgos/Chapter 5: Stacks And Queues/Stack_Interface/ArrayStack.java
org.javacs.NoJavaConfigException: Can't find configuration file for /Users/siddardhaboddapati/Documents/GitHub/DataStructuresJavaFifth/Java5thAlgos/Chapter 5: Stacks And Queues/Stack_Interface/ArrayStack.java
	at org.javacs.JavaLanguageServer.lambda$findCompiler$21(JavaLanguageServer.java:479)
	at java.util.Optional.orElseThrow(Optional.java:290)
	at org.javacs.JavaLanguageServer.findCompiler(JavaLanguageServer.java:479)
	at org.javacs.JavaLanguageServer.autocomplete(JavaLanguageServer.java:1057)
	at org.javacs.JavaLanguageServer$1.completion(JavaLanguageServer.java:108)
	at io.typefox.lsapi.services.transport.server.LanguageServerEndpoint._doAccept(LanguageServerEndpoint.xtend:126)
	at io.typefox.lsapi.services.transport.server.LanguageServerEndpoint.doAccept(LanguageServerEndpoint.xtend:117)
	at io.typefox.lsapi.services.transport.server.LanguageServerEndpoint.accept(LanguageServerEndpoint.xtend:114)
	at io.typefox.lsapi.services.transport.server.LanguageServerEndpoint.accept(LanguageServerEndpoint.xtend)
	at io.typefox.lsapi.services.transport.AbstractLanguageEndpoint.handleMessage(LanguageEndpoint.xtend:67)
	at io.typefox.lsapi.services.transport.AbstractLanguageEndpoint.lambda$connect$4(LanguageEndpoint.xtend:61)
	at io.typefox.lsapi.services.json.StreamMessageReader$1.apply(StreamMessageReader.java:46)
	at io.typefox.lsapi.services.json.StreamMessageReader$1.apply(StreamMessageReader.java:44)
	at io.typefox.lsapi.services.json.StreamMessageReader.handleMessage(StreamMessageReader.xtend:128)
	at io.typefox.lsapi.services.json.StreamMessageReader.listen(StreamMessageReader.xtend:61)
	at io.typefox.lsapi.services.transport.AbstractLanguageEndpoint.connect(LanguageEndpoint.xtend:60)
	at org.javacs.Main.run(Main.java:150)
	at org.javacs.Main.main(Main.java:69)

INFO	?	main	2017-02-05T20:28:25.067Z	org.javacs.JavaLanguageServer#doLint	Lint [/Users/siddardhaboddapati/Documents/GitHub/DataStructuresJavaFifth/Java5thAlgos/Chapter 5: Stacks And Queues/Stack_Interface/Stack.java, /Users/siddardhaboddapati/Documents/GitHub/DataStructuresJavaFifth/Java5thAlgos/Chapter 5: Stacks And Queues/Stack_Interface/ArrayStack.java]
SEVERE	?	main	2017-02-05T20:28:27.391Z	org.javacs.Main$4#onError	Can't find configuration file for /Users/siddardhaboddapati/Documents/GitHub/DataStructuresJavaFifth/Java5thAlgos/Chapter 5: Stacks And Queues/Stack_Interface/ArrayStack.java
org.javacs.NoJavaConfigException: Can't find configuration file for /Users/siddardhaboddapati/Documents/GitHub/DataStructuresJavaFifth/Java5thAlgos/Chapter 5: Stacks And Queues/Stack_Interface/ArrayStack.java
	at org.javacs.JavaLanguageServer.lambda$findCompiler$21(JavaLanguageServer.java:479)
	at java.util.Optional.orElseThrow(Optional.java:290)
	at org.javacs.JavaLanguageServer.findCompiler(JavaLanguageServer.java:479)
	at org.javacs.JavaLanguageServer.autocomplete(JavaLanguageServer.java:1057)
	at org.javacs.JavaLanguageServer$1.completion(JavaLanguageServer.java:108)
	at io.typefox.lsapi.services.transport.server.LanguageServerEndpoint._doAccept(LanguageServerEndpoint.xtend:126)
	at io.typefox.lsapi.services.transport.server.LanguageServerEndpoint.doAccept(LanguageServerEndpoint.xtend:117)
	at io.typefox.lsapi.services.transport.server.LanguageServerEndpoint.accept(LanguageServerEndpoint.xtend:114)
	at io.typefox.lsapi.services.transport.server.LanguageServerEndpoint.accept(LanguageServerEndpoint.xtend)
	at io.typefox.lsapi.services.transport.AbstractLanguageEndpoint.handleMessage(LanguageEndpoint.xtend:67)
	at io.typefox.lsapi.services.transport.AbstractLanguageEndpoint.lambda$connect$4(LanguageEndpoint.xtend:61)
	at io.typefox.lsapi.services.json.StreamMessageReader$1.apply(StreamMessageReader.java:46)
	at io.typefox.lsapi.services.json.StreamMessageReader$1.apply(StreamMessageReader.java:44)
	at io.typefox.lsapi.services.json.StreamMessageReader.handleMessage(StreamMessageReader.xtend:128)
	at io.typefox.lsapi.services.json.StreamMessageReader.listen(StreamMessageReader.xtend:61)
	at io.typefox.lsapi.services.transport.AbstractLanguageEndpoint.connect(LanguageEndpoint.xtend:60)
	at org.javacs.Main.run(Main.java:150)
	at org.javacs.Main.main(Main.java:69)

SEVERE	?	main	2017-02-05T20:28:33.868Z	org.javacs.Main$4#onError	Can't find configuration file for /Users/siddardhaboddapati/Documents/GitHub/DataStructuresJavaFifth/Java5thAlgos/Chapter 5: Stacks And Queues/Stack_Interface/ArrayStack.java
org.javacs.NoJavaConfigException: Can't find configuration file for /Users/siddardhaboddapati/Documents/GitHub/DataStructuresJavaFifth/Java5thAlgos/Chapter 5: Stacks And Queues/Stack_Interface/ArrayStack.java
	at org.javacs.JavaLanguageServer.lambda$findCompiler$21(JavaLanguageServer.java:479)
	at java.util.Optional.orElseThrow(Optional.java:290)
	at org.javacs.JavaLanguageServer.findCompiler(JavaLanguageServer.java:479)
	at org.javacs.JavaLanguageServer.findTree(JavaLanguageServer.java:809)
	at org.javacs.JavaLanguageServer.lambda$doHover$34(JavaLanguageServer.java:983)
	at java.util.Optional.ifPresent(Optional.java:159)
	at org.javacs.JavaLanguageServer.doHover(JavaLanguageServer.java:982)
	at org.javacs.JavaLanguageServer.access$000(JavaLanguageServer.java:31)
	at org.javacs.JavaLanguageServer$1.hover(JavaLanguageServer.java:118)
	at io.typefox.lsapi.services.transport.server.LanguageServerEndpoint._doAccept(LanguageServerEndpoint.xtend:130)
	at io.typefox.lsapi.services.transport.server.LanguageServerEndpoint.doAccept(LanguageServerEndpoint.xtend:117)
	at io.typefox.lsapi.services.transport.server.LanguageServerEndpoint.accept(LanguageServerEndpoint.xtend:114)
	at io.typefox.lsapi.services.transport.server.LanguageServerEndpoint.accept(LanguageServerEndpoint.xtend)
	at io.typefox.lsapi.services.transport.AbstractLanguageEndpoint.handleMessage(LanguageEndpoint.xtend:67)
	at io.typefox.lsapi.services.transport.AbstractLanguageEndpoint.lambda$connect$4(LanguageEndpoint.xtend:61)
	at io.typefox.lsapi.services.json.StreamMessageReader$1.apply(StreamMessageReader.java:46)
	at io.typefox.lsapi.services.json.StreamMessageReader$1.apply(StreamMessageReader.java:44)
	at io.typefox.lsapi.services.json.StreamMessageReader.handleMessage(StreamMessageReader.xtend:128)
	at io.typefox.lsapi.services.json.StreamMessageReader.listen(StreamMessageReader.xtend:61)
	at io.typefox.lsapi.services.transport.AbstractLanguageEndpoint.connect(LanguageEndpoint.xtend:60)
	at org.javacs.Main.run(Main.java:150)
	at org.javacs.Main.main(Main.java:69)

SEVERE	?	main	2017-02-05T20:28:36.954Z	org.javacs.Main$4#onError	Can't find configuration file for /Users/siddardhaboddapati/Documents/GitHub/DataStructuresJavaFifth/Java5thAlgos/Chapter 5: Stacks And Queues/Stack_Interface/ArrayStack.java
org.javacs.NoJavaConfigException: Can't find configuration file for /Users/siddardhaboddapati/Documents/GitHub/DataStructuresJavaFifth/Java5thAlgos/Chapter 5: Stacks And Queues/Stack_Interface/ArrayStack.java
	at org.javacs.JavaLanguageServer.lambda$findCompiler$21(JavaLanguageServer.java:479)
	at java.util.Optional.orElseThrow(Optional.java:290)
	at org.javacs.JavaLanguageServer.findCompiler(JavaLanguageServer.java:479)
	at org.javacs.JavaLanguageServer.autocomplete(JavaLanguageServer.java:1057)
	at org.javacs.JavaLanguageServer$1.completion(JavaLanguageServer.java:108)
	at io.typefox.lsapi.services.transport.server.LanguageServerEndpoint._doAccept(LanguageServerEndpoint.xtend:126)
	at io.typefox.lsapi.services.transport.server.LanguageServerEndpoint.doAccept(LanguageServerEndpoint.xtend:117)
	at io.typefox.lsapi.services.transport.server.LanguageServerEndpoint.accept(LanguageServerEndpoint.xtend:114)
	at io.typefox.lsapi.services.transport.server.LanguageServerEndpoint.accept(LanguageServerEndpoint.xtend)
	at io.typefox.lsapi.services.transport.AbstractLanguageEndpoint.handleMessage(LanguageEndpoint.xtend:67)
	at io.typefox.lsapi.services.transport.AbstractLanguageEndpoint.lambda$connect$4(LanguageEndpoint.xtend:61)
	at io.typefox.lsapi.services.json.StreamMessageReader$1.apply(StreamMessageReader.java:46)
	at io.typefox.lsapi.services.json.StreamMessageReader$1.apply(StreamMessageReader.java:44)
	at io.typefox.lsapi.services.json.StreamMessageReader.handleMessage(StreamMessageReader.xtend:128)
	at io.typefox.lsapi.services.json.StreamMessageReader.listen(StreamMessageReader.xtend:61)
	at io.typefox.lsapi.services.transport.AbstractLanguageEndpoint.connect(LanguageEndpoint.xtend:60)
	at org.javacs.Main.run(Main.java:150)
	at org.javacs.Main.main(Main.java:69)

SEVERE	?	main	2017-02-05T20:28:42.523Z	org.javacs.Main$4#onError	Can't find configuration file for /Users/siddardhaboddapati/Documents/GitHub/DataStructuresJavaFifth/Java5thAlgos/Chapter 5: Stacks And Queues/Stack_Interface/ArrayStack.java
org.javacs.NoJavaConfigException: Can't find configuration file for /Users/siddardhaboddapati/Documents/GitHub/DataStructuresJavaFifth/Java5thAlgos/Chapter 5: Stacks And Queues/Stack_Interface/ArrayStack.java
	at org.javacs.JavaLanguageServer.lambda$findCompiler$21(JavaLanguageServer.java:479)
	at java.util.Optional.orElseThrow(Optional.java:290)
	at org.javacs.JavaLanguageServer.findCompiler(JavaLanguageServer.java:479)
	at org.javacs.JavaLanguageServer.autocomplete(JavaLanguageServer.java:1057)
	at org.javacs.JavaLanguageServer$1.completion(JavaLanguageServer.java:108)
	at io.typefox.lsapi.services.transport.server.LanguageServerEndpoint._doAccept(LanguageServerEndpoint.xtend:126)
	at io.typefox.lsapi.services.transport.server.LanguageServerEndpoint.doAccept(LanguageServerEndpoint.xtend:117)
	at io.typefox.lsapi.services.transport.server.LanguageServerEndpoint.accept(LanguageServerEndpoint.xtend:114)
	at io.typefox.lsapi.services.transport.server.LanguageServerEndpoint.accept(LanguageServerEndpoint.xtend)
	at io.typefox.lsapi.services.transport.AbstractLanguageEndpoint.handleMessage(LanguageEndpoint.xtend:67)
	at io.typefox.lsapi.services.transport.AbstractLanguageEndpoint.lambda$connect$4(LanguageEndpoint.xtend:61)
	at io.typefox.lsapi.services.json.StreamMessageReader$1.apply(StreamMessageReader.java:46)
	at io.typefox.lsapi.services.json.StreamMessageReader$1.apply(StreamMessageReader.java:44)
	at io.typefox.lsapi.services.json.StreamMessageReader.handleMessage(StreamMessageReader.xtend:128)
	at io.typefox.lsapi.services.json.StreamMessageReader.listen(StreamMessageReader.xtend:61)
	at io.typefox.lsapi.services.transport.AbstractLanguageEndpoint.connect(LanguageEndpoint.xtend:60)
	at org.javacs.Main.run(Main.java:150)
	at org.javacs.Main.main(Main.java:69)

SEVERE	?	main	2017-02-05T20:28:43.462Z	org.javacs.Main$4#onError	Can't find configuration file for /Users/siddardhaboddapati/Documents/GitHub/DataStructuresJavaFifth/Java5thAlgos/Chapter 5: Stacks And Queues/Stack_Interface/ArrayStack.java
org.javacs.NoJavaConfigException: Can't find configuration file for /Users/siddardhaboddapati/Documents/GitHub/DataStructuresJavaFifth/Java5thAlgos/Chapter 5: Stacks And Queues/Stack_Interface/ArrayStack.java
	at org.javacs.JavaLanguageServer.lambda$findCompiler$21(JavaLanguageServer.java:479)
	at java.util.Optional.orElseThrow(Optional.java:290)
	at org.javacs.JavaLanguageServer.findCompiler(JavaLanguageServer.java:479)
	at org.javacs.JavaLanguageServer.autocomplete(JavaLanguageServer.java:1057)
	at org.javacs.JavaLanguageServer$1.completion(JavaLanguageServer.java:108)
	at io.typefox.lsapi.services.transport.server.LanguageServerEndpoint._doAccept(LanguageServerEndpoint.xtend:126)
	at io.typefox.lsapi.services.transport.server.LanguageServerEndpoint.doAccept(LanguageServerEndpoint.xtend:117)
	at io.typefox.lsapi.services.transport.server.LanguageServerEndpoint.accept(LanguageServerEndpoint.xtend:114)
	at io.typefox.lsapi.services.transport.server.LanguageServerEndpoint.accept(LanguageServerEndpoint.xtend)
	at io.typefox.lsapi.services.transport.AbstractLanguageEndpoint.handleMessage(LanguageEndpoint.xtend:67)
	at io.typefox.lsapi.services.transport.AbstractLanguageEndpoint.lambda$connect$4(LanguageEndpoint.xtend:61)
	at io.typefox.lsapi.services.json.StreamMessageReader$1.apply(StreamMessageReader.java:46)
	at io.typefox.lsapi.services.json.StreamMessageReader$1.apply(StreamMessageReader.java:44)
	at io.typefox.lsapi.services.json.StreamMessageReader.handleMessage(StreamMessageReader.xtend:128)
	at io.typefox.lsapi.services.json.StreamMessageReader.listen(StreamMessageReader.xtend:61)
	at io.typefox.lsapi.services.transport.AbstractLanguageEndpoint.connect(LanguageEndpoint.xtend:60)
	at org.javacs.Main.run(Main.java:150)
	at org.javacs.Main.main(Main.java:69)

SEVERE	?	main	2017-02-05T20:28:49.232Z	org.javacs.Main$4#onError	Can't find configuration file for /Users/siddardhaboddapati/Documents/GitHub/DataStructuresJavaFifth/Java5thAlgos/Chapter 5: Stacks And Queues/Stack_Interface/ArrayStack.java
org.javacs.NoJavaConfigException: Can't find configuration file for /Users/siddardhaboddapati/Documents/GitHub/DataStructuresJavaFifth/Java5thAlgos/Chapter 5: Stacks And Queues/Stack_Interface/ArrayStack.java
	at org.javacs.JavaLanguageServer.lambda$findCompiler$21(JavaLanguageServer.java:479)
	at java.util.Optional.orElseThrow(Optional.java:290)
	at org.javacs.JavaLanguageServer.findCompiler(JavaLanguageServer.java:479)
	at org.javacs.JavaLanguageServer.autocomplete(JavaLanguageServer.java:1057)
	at org.javacs.JavaLanguageServer$1.completion(JavaLanguageServer.java:108)
	at io.typefox.lsapi.services.transport.server.LanguageServerEndpoint._doAccept(LanguageServerEndpoint.xtend:126)
	at io.typefox.lsapi.services.transport.server.LanguageServerEndpoint.doAccept(LanguageServerEndpoint.xtend:117)
	at io.typefox.lsapi.services.transport.server.LanguageServerEndpoint.accept(LanguageServerEndpoint.xtend:114)
	at io.typefox.lsapi.services.transport.server.LanguageServerEndpoint.accept(LanguageServerEndpoint.xtend)
	at io.typefox.lsapi.services.transport.AbstractLanguageEndpoint.handleMessage(LanguageEndpoint.xtend:67)
	at io.typefox.lsapi.services.transport.AbstractLanguageEndpoint.lambda$connect$4(LanguageEndpoint.xtend:61)
	at io.typefox.lsapi.services.json.StreamMessageReader$1.apply(StreamMessageReader.java:46)
	at io.typefox.lsapi.services.json.StreamMessageReader$1.apply(StreamMessageReader.java:44)
	at io.typefox.lsapi.services.json.StreamMessageReader.handleMessage(StreamMessageReader.xtend:128)
	at io.typefox.lsapi.services.json.StreamMessageReader.listen(StreamMessageReader.xtend:61)
	at io.typefox.lsapi.services.transport.AbstractLanguageEndpoint.connect(LanguageEndpoint.xtend:60)
	at org.javacs.Main.run(Main.java:150)
	at org.javacs.Main.main(Main.java:69)

SEVERE	?	main	2017-02-05T20:28:50.811Z	org.javacs.Main$4#onError	Can't find configuration file for /Users/siddardhaboddapati/Documents/GitHub/DataStructuresJavaFifth/Java5thAlgos/Chapter 5: Stacks And Queues/Stack_Interface/ArrayStack.java
org.javacs.NoJavaConfigException: Can't find configuration file for /Users/siddardhaboddapati/Documents/GitHub/DataStructuresJavaFifth/Java5thAlgos/Chapter 5: Stacks And Queues/Stack_Interface/ArrayStack.java
	at org.javacs.JavaLanguageServer.lambda$findCompiler$21(JavaLanguageServer.java:479)
	at java.util.Optional.orElseThrow(Optional.java:290)
	at org.javacs.JavaLanguageServer.findCompiler(JavaLanguageServer.java:479)
	at org.javacs.JavaLanguageServer.autocomplete(JavaLanguageServer.java:1057)
	at org.javacs.JavaLanguageServer$1.completion(JavaLanguageServer.java:108)
	at io.typefox.lsapi.services.transport.server.LanguageServerEndpoint._doAccept(LanguageServerEndpoint.xtend:126)
	at io.typefox.lsapi.services.transport.server.LanguageServerEndpoint.doAccept(LanguageServerEndpoint.xtend:117)
	at io.typefox.lsapi.services.transport.server.LanguageServerEndpoint.accept(LanguageServerEndpoint.xtend:114)
	at io.typefox.lsapi.services.transport.server.LanguageServerEndpoint.accept(LanguageServerEndpoint.xtend)
	at io.typefox.lsapi.services.transport.AbstractLanguageEndpoint.handleMessage(LanguageEndpoint.xtend:67)
	at io.typefox.lsapi.services.transport.AbstractLanguageEndpoint.lambda$connect$4(LanguageEndpoint.xtend:61)
	at io.typefox.lsapi.services.json.StreamMessageReader$1.apply(StreamMessageReader.java:46)
	at io.typefox.lsapi.services.json.StreamMessageReader$1.apply(StreamMessageReader.java:44)
	at io.typefox.lsapi.services.json.StreamMessageReader.handleMessage(StreamMessageReader.xtend:128)
	at io.typefox.lsapi.services.json.StreamMessageReader.listen(StreamMessageReader.xtend:61)
	at io.typefox.lsapi.services.transport.AbstractLanguageEndpoint.connect(LanguageEndpoint.xtend:60)
	at org.javacs.Main.run(Main.java:150)
	at org.javacs.Main.main(Main.java:69)

SEVERE	?	main	2017-02-05T20:28:53.698Z	org.javacs.Main$4#onError	Can't find configuration file for /Users/siddardhaboddapati/Documents/GitHub/DataStructuresJavaFifth/Java5thAlgos/Chapter 5: Stacks And Queues/Stack_Interface/ArrayStack.java
org.javacs.NoJavaConfigException: Can't find configuration file for /Users/siddardhaboddapati/Documents/GitHub/DataStructuresJavaFifth/Java5thAlgos/Chapter 5: Stacks And Queues/Stack_Interface/ArrayStack.java
	at org.javacs.JavaLanguageServer.lambda$findCompiler$21(JavaLanguageServer.java:479)
	at java.util.Optional.orElseThrow(Optional.java:290)
	at org.javacs.JavaLanguageServer.findCompiler(JavaLanguageServer.java:479)
	at org.javacs.JavaLanguageServer.autocomplete(JavaLanguageServer.java:1057)
	at org.javacs.JavaLanguageServer$1.completion(JavaLanguageServer.java:108)
	at io.typefox.lsapi.services.transport.server.LanguageServerEndpoint._doAccept(LanguageServerEndpoint.xtend:126)
	at io.typefox.lsapi.services.transport.server.LanguageServerEndpoint.doAccept(LanguageServerEndpoint.xtend:117)
	at io.typefox.lsapi.services.transport.server.LanguageServerEndpoint.accept(LanguageServerEndpoint.xtend:114)
	at io.typefox.lsapi.services.transport.server.LanguageServerEndpoint.accept(LanguageServerEndpoint.xtend)
	at io.typefox.lsapi.services.transport.AbstractLanguageEndpoint.handleMessage(LanguageEndpoint.xtend:67)
	at io.typefox.lsapi.services.transport.AbstractLanguageEndpoint.lambda$connect$4(LanguageEndpoint.xtend:61)
	at io.typefox.lsapi.services.json.StreamMessageReader$1.apply(StreamMessageReader.java:46)
	at io.typefox.lsapi.services.json.StreamMessageReader$1.apply(StreamMessageReader.java:44)
	at io.typefox.lsapi.services.json.StreamMessageReader.handleMessage(StreamMessageReader.xtend:128)
	at io.typefox.lsapi.services.json.StreamMessageReader.listen(StreamMessageReader.xtend:61)
	at io.typefox.lsapi.services.transport.AbstractLanguageEndpoint.connect(LanguageEndpoint.xtend:60)
	at org.javacs.Main.run(Main.java:150)
	at org.javacs.Main.main(Main.java:69)

SEVERE	?	main	2017-02-05T20:28:55.096Z	org.javacs.Main$4#onError	Can't find configuration file for /Users/siddardhaboddapati/Documents/GitHub/DataStructuresJavaFifth/Java5thAlgos/Chapter 5: Stacks And Queues/Stack_Interface/ArrayStack.java
org.javacs.NoJavaConfigException: Can't find configuration file for /Users/siddardhaboddapati/Documents/GitHub/DataStructuresJavaFifth/Java5thAlgos/Chapter 5: Stacks And Queues/Stack_Interface/ArrayStack.java
	at org.javacs.JavaLanguageServer.lambda$findCompiler$21(JavaLanguageServer.java:479)
	at java.util.Optional.orElseThrow(Optional.java:290)
	at org.javacs.JavaLanguageServer.findCompiler(JavaLanguageServer.java:479)
	at org.javacs.JavaLanguageServer.autocomplete(JavaLanguageServer.java:1057)
	at org.javacs.JavaLanguageServer$1.completion(JavaLanguageServer.java:108)
	at io.typefox.lsapi.services.transport.server.LanguageServerEndpoint._doAccept(LanguageServerEndpoint.xtend:126)
	at io.typefox.lsapi.services.transport.server.LanguageServerEndpoint.doAccept(LanguageServerEndpoint.xtend:117)
	at io.typefox.lsapi.services.transport.server.LanguageServerEndpoint.accept(LanguageServerEndpoint.xtend:114)
	at io.typefox.lsapi.services.transport.server.LanguageServerEndpoint.accept(LanguageServerEndpoint.xtend)
	at io.typefox.lsapi.services.transport.AbstractLanguageEndpoint.handleMessage(LanguageEndpoint.xtend:67)
	at io.typefox.lsapi.services.transport.AbstractLanguageEndpoint.lambda$connect$4(LanguageEndpoint.xtend:61)
	at io.typefox.lsapi.services.json.StreamMessageReader$1.apply(StreamMessageReader.java:46)
	at io.typefox.lsapi.services.json.StreamMessageReader$1.apply(StreamMessageReader.java:44)
	at io.typefox.lsapi.services.json.StreamMessageReader.handleMessage(StreamMessageReader.xtend:128)
	at io.typefox.lsapi.services.json.StreamMessageReader.listen(StreamMessageReader.xtend:61)
	at io.typefox.lsapi.services.transport.AbstractLanguageEndpoint.connect(LanguageEndpoint.xtend:60)
	at org.javacs.Main.run(Main.java:150)
	at org.javacs.Main.main(Main.java:69)

SEVERE	?	main	2017-02-05T20:28:56.706Z	org.javacs.Main$4#onError	Can't find configuration file for /Users/siddardhaboddapati/Documents/GitHub/DataStructuresJavaFifth/Java5thAlgos/Chapter 5: Stacks And Queues/Stack_Interface/ArrayStack.java
org.javacs.NoJavaConfigException: Can't find configuration file for /Users/siddardhaboddapati/Documents/GitHub/DataStructuresJavaFifth/Java5thAlgos/Chapter 5: Stacks And Queues/Stack_Interface/ArrayStack.java
	at org.javacs.JavaLanguageServer.lambda$findCompiler$21(JavaLanguageServer.java:479)
	at java.util.Optional.orElseThrow(Optional.java:290)
	at org.javacs.JavaLanguageServer.findCompiler(JavaLanguageServer.java:479)
	at org.javacs.JavaLanguageServer.autocomplete(JavaLanguageServer.java:1057)
	at org.javacs.JavaLanguageServer$1.completion(JavaLanguageServer.java:108)
	at io.typefox.lsapi.services.transport.server.LanguageServerEndpoint._doAccept(LanguageServerEndpoint.xtend:126)
	at io.typefox.lsapi.services.transport.server.LanguageServerEndpoint.doAccept(LanguageServerEndpoint.xtend:117)
	at io.typefox.lsapi.services.transport.server.LanguageServerEndpoint.accept(LanguageServerEndpoint.xtend:114)
	at io.typefox.lsapi.services.transport.server.LanguageServerEndpoint.accept(LanguageServerEndpoint.xtend)
	at io.typefox.lsapi.services.transport.AbstractLanguageEndpoint.handleMessage(LanguageEndpoint.xtend:67)
	at io.typefox.lsapi.services.transport.AbstractLanguageEndpoint.lambda$connect$4(LanguageEndpoint.xtend:61)
	at io.typefox.lsapi.services.json.StreamMessageReader$1.apply(StreamMessageReader.java:46)
	at io.typefox.lsapi.services.json.StreamMessageReader$1.apply(StreamMessageReader.java:44)
	at io.typefox.lsapi.services.json.StreamMessageReader.handleMessage(StreamMessageReader.xtend:128)
	at io.typefox.lsapi.services.json.StreamMessageReader.listen(StreamMessageReader.xtend:61)
	at io.typefox.lsapi.services.transport.AbstractLanguageEndpoint.connect(LanguageEndpoint.xtend:60)
	at org.javacs.Main.run(Main.java:150)
	at org.javacs.Main.main(Main.java:69)

SEVERE	?	main	2017-02-05T20:28:59.609Z	org.javacs.Main$4#onError	Can't find configuration file for /Users/siddardhaboddapati/Documents/GitHub/DataStructuresJavaFifth/Java5thAlgos/Chapter 5: Stacks And Queues/Stack_Interface/ArrayStack.java
org.javacs.NoJavaConfigException: Can't find configuration file for /Users/siddardhaboddapati/Documents/GitHub/DataStructuresJavaFifth/Java5thAlgos/Chapter 5: Stacks And Queues/Stack_Interface/ArrayStack.java
	at org.javacs.JavaLanguageServer.lambda$findCompiler$21(JavaLanguageServer.java:479)
	at java.util.Optional.orElseThrow(Optional.java:290)
	at org.javacs.JavaLanguageServer.findCompiler(JavaLanguageServer.java:479)
	at org.javacs.JavaLanguageServer.autocomplete(JavaLanguageServer.java:1057)
	at org.javacs.JavaLanguageServer$1.completion(JavaLanguageServer.java:108)
	at io.typefox.lsapi.services.transport.server.LanguageServerEndpoint._doAccept(LanguageServerEndpoint.xtend:126)
	at io.typefox.lsapi.services.transport.server.LanguageServerEndpoint.doAccept(LanguageServerEndpoint.xtend:117)
	at io.typefox.lsapi.services.transport.server.LanguageServerEndpoint.accept(LanguageServerEndpoint.xtend:114)
	at io.typefox.lsapi.services.transport.server.LanguageServerEndpoint.accept(LanguageServerEndpoint.xtend)
	at io.typefox.lsapi.services.transport.AbstractLanguageEndpoint.handleMessage(LanguageEndpoint.xtend:67)
	at io.typefox.lsapi.services.transport.AbstractLanguageEndpoint.lambda$connect$4(LanguageEndpoint.xtend:61)
	at io.typefox.lsapi.services.json.StreamMessageReader$1.apply(StreamMessageReader.java:46)
	at io.typefox.lsapi.services.json.StreamMessageReader$1.apply(StreamMessageReader.java:44)
	at io.typefox.lsapi.services.json.StreamMessageReader.handleMessage(StreamMessageReader.xtend:128)
	at io.typefox.lsapi.services.json.StreamMessageReader.listen(StreamMessageReader.xtend:61)
	at io.typefox.lsapi.services.transport.AbstractLanguageEndpoint.connect(LanguageEndpoint.xtend:60)
	at org.javacs.Main.run(Main.java:150)
	at org.javacs.Main.main(Main.java:69)

INFO	?	main	2017-02-05T20:29:04.952Z	org.javacs.JavaLanguageServer#doLint	Lint [/Users/siddardhaboddapati/Documents/GitHub/DataStructuresJavaFifth/Java5thAlgos/Chapter 5: Stacks And Queues/Stack_Interface/Stack.java, /Users/siddardhaboddapati/Documents/GitHub/DataStructuresJavaFifth/Java5thAlgos/Chapter 5: Stacks And Queues/Stack_Interface/ArrayStack.java]
SEVERE	?	main	2017-02-05T20:29:07.059Z	org.javacs.Main$4#onError	Can't find configuration file for /Users/siddardhaboddapati/Documents/GitHub/DataStructuresJavaFifth/Java5thAlgos/Chapter 5: Stacks And Queues/Stack_Interface/ArrayStack.java
org.javacs.NoJavaConfigException: Can't find configuration file for /Users/siddardhaboddapati/Documents/GitHub/DataStructuresJavaFifth/Java5thAlgos/Chapter 5: Stacks And Queues/Stack_Interface/ArrayStack.java
	at org.javacs.JavaLanguageServer.lambda$findCompiler$21(JavaLanguageServer.java:479)
	at java.util.Optional.orElseThrow(Optional.java:290)
	at org.javacs.JavaLanguageServer.findCompiler(JavaLanguageServer.java:479)
	at org.javacs.JavaLanguageServer.autocomplete(JavaLanguageServer.java:1057)
	at org.javacs.JavaLanguageServer$1.completion(JavaLanguageServer.java:108)
	at io.typefox.lsapi.services.transport.server.LanguageServerEndpoint._doAccept(LanguageServerEndpoint.xtend:126)
	at io.typefox.lsapi.services.transport.server.LanguageServerEndpoint.doAccept(LanguageServerEndpoint.xtend:117)
	at io.typefox.lsapi.services.transport.server.LanguageServerEndpoint.accept(LanguageServerEndpoint.xtend:114)
	at io.typefox.lsapi.services.transport.server.LanguageServerEndpoint.accept(LanguageServerEndpoint.xtend)
	at io.typefox.lsapi.services.transport.AbstractLanguageEndpoint.handleMessage(LanguageEndpoint.xtend:67)
	at io.typefox.lsapi.services.transport.AbstractLanguageEndpoint.lambda$connect$4(LanguageEndpoint.xtend:61)
	at io.typefox.lsapi.services.json.StreamMessageReader$1.apply(StreamMessageReader.java:46)
	at io.typefox.lsapi.services.json.StreamMessageReader$1.apply(StreamMessageReader.java:44)
	at io.typefox.lsapi.services.json.StreamMessageReader.handleMessage(StreamMessageReader.xtend:128)
	at io.typefox.lsapi.services.json.StreamMessageReader.listen(StreamMessageReader.xtend:61)
	at io.typefox.lsapi.services.transport.AbstractLanguageEndpoint.connect(LanguageEndpoint.xtend:60)
	at org.javacs.Main.run(Main.java:150)
	at org.javacs.Main.main(Main.java:69)

SEVERE	?	main	2017-02-05T20:29:07.658Z	org.javacs.Main$4#onError	Can't find configuration file for /Users/siddardhaboddapati/Documents/GitHub/DataStructuresJavaFifth/Java5thAlgos/Chapter 5: Stacks And Queues/Stack_Interface/ArrayStack.java
org.javacs.NoJavaConfigException: Can't find configuration file for /Users/siddardhaboddapati/Documents/GitHub/DataStructuresJavaFifth/Java5thAlgos/Chapter 5: Stacks And Queues/Stack_Interface/ArrayStack.java
	at org.javacs.JavaLanguageServer.lambda$findCompiler$21(JavaLanguageServer.java:479)
	at java.util.Optional.orElseThrow(Optional.java:290)
	at org.javacs.JavaLanguageServer.findCompiler(JavaLanguageServer.java:479)
	at org.javacs.JavaLanguageServer.autocomplete(JavaLanguageServer.java:1057)
	at org.javacs.JavaLanguageServer$1.completion(JavaLanguageServer.java:108)
	at io.typefox.lsapi.services.transport.server.LanguageServerEndpoint._doAccept(LanguageServerEndpoint.xtend:126)
	at io.typefox.lsapi.services.transport.server.LanguageServerEndpoint.doAccept(LanguageServerEndpoint.xtend:117)
	at io.typefox.lsapi.services.transport.server.LanguageServerEndpoint.accept(LanguageServerEndpoint.xtend:114)
	at io.typefox.lsapi.services.transport.server.LanguageServerEndpoint.accept(LanguageServerEndpoint.xtend)
	at io.typefox.lsapi.services.transport.AbstractLanguageEndpoint.handleMessage(LanguageEndpoint.xtend:67)
	at io.typefox.lsapi.services.transport.AbstractLanguageEndpoint.lambda$connect$4(LanguageEndpoint.xtend:61)
	at io.typefox.lsapi.services.json.StreamMessageReader$1.apply(StreamMessageReader.java:46)
	at io.typefox.lsapi.services.json.StreamMessageReader$1.apply(StreamMessageReader.java:44)
	at io.typefox.lsapi.services.json.StreamMessageReader.handleMessage(StreamMessageReader.xtend:128)
	at io.typefox.lsapi.services.json.StreamMessageReader.listen(StreamMessageReader.xtend:61)
	at io.typefox.lsapi.services.transport.AbstractLanguageEndpoint.connect(LanguageEndpoint.xtend:60)
	at org.javacs.Main.run(Main.java:150)
	at org.javacs.Main.main(Main.java:69)

INFO	?	main	2017-02-05T20:29:11.124Z	org.javacs.JavaLanguageServer#doLint	Lint [/Users/siddardhaboddapati/Documents/GitHub/DataStructuresJavaFifth/Java5thAlgos/Chapter 5: Stacks And Queues/Stack_Interface/Stack.java, /Users/siddardhaboddapati/Documents/GitHub/DataStructuresJavaFifth/Java5thAlgos/Chapter 5: Stacks And Queues/Stack_Interface/ArrayStack.java]
SEVERE	?	main	2017-02-05T20:29:12.352Z	org.javacs.Main$4#onError	Can't find configuration file for /Users/siddardhaboddapati/Documents/GitHub/DataStructuresJavaFifth/Java5thAlgos/Chapter 5: Stacks And Queues/Stack_Interface/ArrayStack.java
org.javacs.NoJavaConfigException: Can't find configuration file for /Users/siddardhaboddapati/Documents/GitHub/DataStructuresJavaFifth/Java5thAlgos/Chapter 5: Stacks And Queues/Stack_Interface/ArrayStack.java
	at org.javacs.JavaLanguageServer.lambda$findCompiler$21(JavaLanguageServer.java:479)
	at java.util.Optional.orElseThrow(Optional.java:290)
	at org.javacs.JavaLanguageServer.findCompiler(JavaLanguageServer.java:479)
	at org.javacs.JavaLanguageServer.autocomplete(JavaLanguageServer.java:1057)
	at org.javacs.JavaLanguageServer$1.completion(JavaLanguageServer.java:108)
	at io.typefox.lsapi.services.transport.server.LanguageServerEndpoint._doAccept(LanguageServerEndpoint.xtend:126)
	at io.typefox.lsapi.services.transport.server.LanguageServerEndpoint.doAccept(LanguageServerEndpoint.xtend:117)
	at io.typefox.lsapi.services.transport.server.LanguageServerEndpoint.accept(LanguageServerEndpoint.xtend:114)
	at io.typefox.lsapi.services.transport.server.LanguageServerEndpoint.accept(LanguageServerEndpoint.xtend)
	at io.typefox.lsapi.services.transport.AbstractLanguageEndpoint.handleMessage(LanguageEndpoint.xtend:67)
	at io.typefox.lsapi.services.transport.AbstractLanguageEndpoint.lambda$connect$4(LanguageEndpoint.xtend:61)
	at io.typefox.lsapi.services.json.StreamMessageReader$1.apply(StreamMessageReader.java:46)
	at io.typefox.lsapi.services.json.StreamMessageReader$1.apply(StreamMessageReader.java:44)
	at io.typefox.lsapi.services.json.StreamMessageReader.handleMessage(StreamMessageReader.xtend:128)
	at io.typefox.lsapi.services.json.StreamMessageReader.listen(StreamMessageReader.xtend:61)
	at io.typefox.lsapi.services.transport.AbstractLanguageEndpoint.connect(LanguageEndpoint.xtend:60)
	at org.javacs.Main.run(Main.java:150)
	at org.javacs.Main.main(Main.java:69)

SEVERE	?	main	2017-02-05T20:29:28.778Z	org.javacs.Main$4#onError	Can't find configuration file for /Users/siddardhaboddapati/Documents/GitHub/DataStructuresJavaFifth/Java5thAlgos/Chapter 5: Stacks And Queues/Stack_Interface/ArrayStack.java
org.javacs.NoJavaConfigException: Can't find configuration file for /Users/siddardhaboddapati/Documents/GitHub/DataStructuresJavaFifth/Java5thAlgos/Chapter 5: Stacks And Queues/Stack_Interface/ArrayStack.java
	at org.javacs.JavaLanguageServer.lambda$findCompiler$21(JavaLanguageServer.java:479)
	at java.util.Optional.orElseThrow(Optional.java:290)
	at org.javacs.JavaLanguageServer.findCompiler(JavaLanguageServer.java:479)
	at org.javacs.JavaLanguageServer.autocomplete(JavaLanguageServer.java:1057)
	at org.javacs.JavaLanguageServer$1.completion(JavaLanguageServer.java:108)
	at io.typefox.lsapi.services.transport.server.LanguageServerEndpoint._doAccept(LanguageServerEndpoint.xtend:126)
	at io.typefox.lsapi.services.transport.server.LanguageServerEndpoint.doAccept(LanguageServerEndpoint.xtend:117)
	at io.typefox.lsapi.services.transport.server.LanguageServerEndpoint.accept(LanguageServerEndpoint.xtend:114)
	at io.typefox.lsapi.services.transport.server.LanguageServerEndpoint.accept(LanguageServerEndpoint.xtend)
	at io.typefox.lsapi.services.transport.AbstractLanguageEndpoint.handleMessage(LanguageEndpoint.xtend:67)
	at io.typefox.lsapi.services.transport.AbstractLanguageEndpoint.lambda$connect$4(LanguageEndpoint.xtend:61)
	at io.typefox.lsapi.services.json.StreamMessageReader$1.apply(StreamMessageReader.java:46)
	at io.typefox.lsapi.services.json.StreamMessageReader$1.apply(StreamMessageReader.java:44)
	at io.typefox.lsapi.services.json.StreamMessageReader.handleMessage(StreamMessageReader.xtend:128)
	at io.typefox.lsapi.services.json.StreamMessageReader.listen(StreamMessageReader.xtend:61)
	at io.typefox.lsapi.services.transport.AbstractLanguageEndpoint.connect(LanguageEndpoint.xtend:60)
	at org.javacs.Main.run(Main.java:150)
	at org.javacs.Main.main(Main.java:69)

SEVERE	?	main	2017-02-05T20:29:32.906Z	org.javacs.Main$4#onError	Can't find configuration file for /Users/siddardhaboddapati/Documents/GitHub/DataStructuresJavaFifth/Java5thAlgos/Chapter 5: Stacks And Queues/Stack_Interface/ArrayStack.java
org.javacs.NoJavaConfigException: Can't find configuration file for /Users/siddardhaboddapati/Documents/GitHub/DataStructuresJavaFifth/Java5thAlgos/Chapter 5: Stacks And Queues/Stack_Interface/ArrayStack.java
	at org.javacs.JavaLanguageServer.lambda$findCompiler$21(JavaLanguageServer.java:479)
	at java.util.Optional.orElseThrow(Optional.java:290)
	at org.javacs.JavaLanguageServer.findCompiler(JavaLanguageServer.java:479)
	at org.javacs.JavaLanguageServer.autocomplete(JavaLanguageServer.java:1057)
	at org.javacs.JavaLanguageServer$1.completion(JavaLanguageServer.java:108)
	at io.typefox.lsapi.services.transport.server.LanguageServerEndpoint._doAccept(LanguageServerEndpoint.xtend:126)
	at io.typefox.lsapi.services.transport.server.LanguageServerEndpoint.doAccept(LanguageServerEndpoint.xtend:117)
	at io.typefox.lsapi.services.transport.server.LanguageServerEndpoint.accept(LanguageServerEndpoint.xtend:114)
	at io.typefox.lsapi.services.transport.server.LanguageServerEndpoint.accept(LanguageServerEndpoint.xtend)
	at io.typefox.lsapi.services.transport.AbstractLanguageEndpoint.handleMessage(LanguageEndpoint.xtend:67)
	at io.typefox.lsapi.services.transport.AbstractLanguageEndpoint.lambda$connect$4(LanguageEndpoint.xtend:61)
	at io.typefox.lsapi.services.json.StreamMessageReader$1.apply(StreamMessageReader.java:46)
	at io.typefox.lsapi.services.json.StreamMessageReader$1.apply(StreamMessageReader.java:44)
	at io.typefox.lsapi.services.json.StreamMessageReader.handleMessage(StreamMessageReader.xtend:128)
	at io.typefox.lsapi.services.json.StreamMessageReader.listen(StreamMessageReader.xtend:61)
	at io.typefox.lsapi.services.transport.AbstractLanguageEndpoint.connect(LanguageEndpoint.xtend:60)
	at org.javacs.Main.run(Main.java:150)
	at org.javacs.Main.main(Main.java:69)

SEVERE	?	main	2017-02-05T20:29:35.434Z	org.javacs.Main$4#onError	Can't find configuration file for /Users/siddardhaboddapati/Documents/GitHub/DataStructuresJavaFifth/Java5thAlgos/Chapter 5: Stacks And Queues/Stack_Interface/ArrayStack.java
org.javacs.NoJavaConfigException: Can't find configuration file for /Users/siddardhaboddapati/Documents/GitHub/DataStructuresJavaFifth/Java5thAlgos/Chapter 5: Stacks And Queues/Stack_Interface/ArrayStack.java
	at org.javacs.JavaLanguageServer.lambda$findCompiler$21(JavaLanguageServer.java:479)
	at java.util.Optional.orElseThrow(Optional.java:290)
	at org.javacs.JavaLanguageServer.findCompiler(JavaLanguageServer.java:479)
	at org.javacs.JavaLanguageServer.autocomplete(JavaLanguageServer.java:1057)
	at org.javacs.JavaLanguageServer$1.completion(JavaLanguageServer.java:108)
	at io.typefox.lsapi.services.transport.server.LanguageServerEndpoint._doAccept(LanguageServerEndpoint.xtend:126)
	at io.typefox.lsapi.services.transport.server.LanguageServerEndpoint.doAccept(LanguageServerEndpoint.xtend:117)
	at io.typefox.lsapi.services.transport.server.LanguageServerEndpoint.accept(LanguageServerEndpoint.xtend:114)
	at io.typefox.lsapi.services.transport.server.LanguageServerEndpoint.accept(LanguageServerEndpoint.xtend)
	at io.typefox.lsapi.services.transport.AbstractLanguageEndpoint.handleMessage(LanguageEndpoint.xtend:67)
	at io.typefox.lsapi.services.transport.AbstractLanguageEndpoint.lambda$connect$4(LanguageEndpoint.xtend:61)
	at io.typefox.lsapi.services.json.StreamMessageReader$1.apply(StreamMessageReader.java:46)
	at io.typefox.lsapi.services.json.StreamMessageReader$1.apply(StreamMessageReader.java:44)
	at io.typefox.lsapi.services.json.StreamMessageReader.handleMessage(StreamMessageReader.xtend:128)
	at io.typefox.lsapi.services.json.StreamMessageReader.listen(StreamMessageReader.xtend:61)
	at io.typefox.lsapi.services.transport.AbstractLanguageEndpoint.connect(LanguageEndpoint.xtend:60)
	at org.javacs.Main.run(Main.java:150)
	at org.javacs.Main.main(Main.java:69)

INFO	?	main	2017-02-05T20:29:39.238Z	org.javacs.JavaLanguageServer#doLint	Lint [/Users/siddardhaboddapati/Documents/GitHub/DataStructuresJavaFifth/Java5thAlgos/Chapter 5: Stacks And Queues/Stack_Interface/Stack.java, /Users/siddardhaboddapati/Documents/GitHub/DataStructuresJavaFifth/Java5thAlgos/Chapter 5: Stacks And Queues/Stack_Interface/ArrayStack.java]
SEVERE	?	main	2017-02-05T20:29:49.666Z	org.javacs.Main$4#onError	Can't find configuration file for /Users/siddardhaboddapati/Documents/GitHub/DataStructuresJavaFifth/Java5thAlgos/Chapter 5: Stacks And Queues/Stack_Interface/ArrayStack.java
org.javacs.NoJavaConfigException: Can't find configuration file for /Users/siddardhaboddapati/Documents/GitHub/DataStructuresJavaFifth/Java5thAlgos/Chapter 5: Stacks And Queues/Stack_Interface/ArrayStack.java
	at org.javacs.JavaLanguageServer.lambda$findCompiler$21(JavaLanguageServer.java:479)
	at java.util.Optional.orElseThrow(Optional.java:290)
	at org.javacs.JavaLanguageServer.findCompiler(JavaLanguageServer.java:479)
	at org.javacs.JavaLanguageServer.autocomplete(JavaLanguageServer.java:1057)
	at org.javacs.JavaLanguageServer$1.completion(JavaLanguageServer.java:108)
	at io.typefox.lsapi.services.transport.server.LanguageServerEndpoint._doAccept(LanguageServerEndpoint.xtend:126)
	at io.typefox.lsapi.services.transport.server.LanguageServerEndpoint.doAccept(LanguageServerEndpoint.xtend:117)
	at io.typefox.lsapi.services.transport.server.LanguageServerEndpoint.accept(LanguageServerEndpoint.xtend:114)
	at io.typefox.lsapi.services.transport.server.LanguageServerEndpoint.accept(LanguageServerEndpoint.xtend)
	at io.typefox.lsapi.services.transport.AbstractLanguageEndpoint.handleMessage(LanguageEndpoint.xtend:67)
	at io.typefox.lsapi.services.transport.AbstractLanguageEndpoint.lambda$connect$4(LanguageEndpoint.xtend:61)
	at io.typefox.lsapi.services.json.StreamMessageReader$1.apply(StreamMessageReader.java:46)
	at io.typefox.lsapi.services.json.StreamMessageReader$1.apply(StreamMessageReader.java:44)
	at io.typefox.lsapi.services.json.StreamMessageReader.handleMessage(StreamMessageReader.xtend:128)
	at io.typefox.lsapi.services.json.StreamMessageReader.listen(StreamMessageReader.xtend:61)
	at io.typefox.lsapi.services.transport.AbstractLanguageEndpoint.connect(LanguageEndpoint.xtend:60)
	at org.javacs.Main.run(Main.java:150)
	at org.javacs.Main.main(Main.java:69)

INFO	?	main	2017-02-05T20:29:55.858Z	org.javacs.JavaLanguageServer#doLint	Lint [/Users/siddardhaboddapati/Documents/GitHub/DataStructuresJavaFifth/Java5thAlgos/Chapter 5: Stacks And Queues/Stack_Interface/Stack.java, /Users/siddardhaboddapati/Documents/GitHub/DataStructuresJavaFifth/Java5thAlgos/Chapter 5: Stacks And Queues/Stack_Interface/ArrayStack.java]
SEVERE	?	main	2017-02-05T20:29:56.984Z	org.javacs.Main$4#onError	Can't find configuration file for /Users/siddardhaboddapati/Documents/GitHub/DataStructuresJavaFifth/Java5thAlgos/Chapter 5: Stacks And Queues/Stack_Interface/ArrayStack.java
org.javacs.NoJavaConfigException: Can't find configuration file for /Users/siddardhaboddapati/Documents/GitHub/DataStructuresJavaFifth/Java5thAlgos/Chapter 5: Stacks And Queues/Stack_Interface/ArrayStack.java
	at org.javacs.JavaLanguageServer.lambda$findCompiler$21(JavaLanguageServer.java:479)
	at java.util.Optional.orElseThrow(Optional.java:290)
	at org.javacs.JavaLanguageServer.findCompiler(JavaLanguageServer.java:479)
	at org.javacs.JavaLanguageServer.findTree(JavaLanguageServer.java:809)
	at org.javacs.JavaLanguageServer.lambda$doHover$34(JavaLanguageServer.java:983)
	at java.util.Optional.ifPresent(Optional.java:159)
	at org.javacs.JavaLanguageServer.doHover(JavaLanguageServer.java:982)
	at org.javacs.JavaLanguageServer.access$000(JavaLanguageServer.java:31)
	at org.javacs.JavaLanguageServer$1.hover(JavaLanguageServer.java:118)
	at io.typefox.lsapi.services.transport.server.LanguageServerEndpoint._doAccept(LanguageServerEndpoint.xtend:130)
	at io.typefox.lsapi.services.transport.server.LanguageServerEndpoint.doAccept(LanguageServerEndpoint.xtend:117)
	at io.typefox.lsapi.services.transport.server.LanguageServerEndpoint.accept(LanguageServerEndpoint.xtend:114)
	at io.typefox.lsapi.services.transport.server.LanguageServerEndpoint.accept(LanguageServerEndpoint.xtend)
	at io.typefox.lsapi.services.transport.AbstractLanguageEndpoint.handleMessage(LanguageEndpoint.xtend:67)
	at io.typefox.lsapi.services.transport.AbstractLanguageEndpoint.lambda$connect$4(LanguageEndpoint.xtend:61)
	at io.typefox.lsapi.services.json.StreamMessageReader$1.apply(StreamMessageReader.java:46)
	at io.typefox.lsapi.services.json.StreamMessageReader$1.apply(StreamMessageReader.java:44)
	at io.typefox.lsapi.services.json.StreamMessageReader.handleMessage(StreamMessageReader.xtend:128)
	at io.typefox.lsapi.services.json.StreamMessageReader.listen(StreamMessageReader.xtend:61)
	at io.typefox.lsapi.services.transport.AbstractLanguageEndpoint.connect(LanguageEndpoint.xtend:60)
	at org.javacs.Main.run(Main.java:150)
	at org.javacs.Main.main(Main.java:69)

SEVERE	?	main	2017-02-05T20:29:57.396Z	org.javacs.Main$4#onError	Can't find configuration file for /Users/siddardhaboddapati/Documents/GitHub/DataStructuresJavaFifth/Java5thAlgos/Chapter 5: Stacks And Queues/Stack_Interface/ArrayStack.java
org.javacs.NoJavaConfigException: Can't find configuration file for /Users/siddardhaboddapati/Documents/GitHub/DataStructuresJavaFifth/Java5thAlgos/Chapter 5: Stacks And Queues/Stack_Interface/ArrayStack.java
	at org.javacs.JavaLanguageServer.lambda$findCompiler$21(JavaLanguageServer.java:479)
	at java.util.Optional.orElseThrow(Optional.java:290)
	at org.javacs.JavaLanguageServer.findCompiler(JavaLanguageServer.java:479)
	at org.javacs.JavaLanguageServer.findTree(JavaLanguageServer.java:809)
	at org.javacs.JavaLanguageServer.lambda$doHover$34(JavaLanguageServer.java:983)
	at java.util.Optional.ifPresent(Optional.java:159)
	at org.javacs.JavaLanguageServer.doHover(JavaLanguageServer.java:982)
	at org.javacs.JavaLanguageServer.access$000(JavaLanguageServer.java:31)
	at org.javacs.JavaLanguageServer$1.hover(JavaLanguageServer.java:118)
	at io.typefox.lsapi.services.transport.server.LanguageServerEndpoint._doAccept(LanguageServerEndpoint.xtend:130)
	at io.typefox.lsapi.services.transport.server.LanguageServerEndpoint.doAccept(LanguageServerEndpoint.xtend:117)
	at io.typefox.lsapi.services.transport.server.LanguageServerEndpoint.accept(LanguageServerEndpoint.xtend:114)
	at io.typefox.lsapi.services.transport.server.LanguageServerEndpoint.accept(LanguageServerEndpoint.xtend)
	at io.typefox.lsapi.services.transport.AbstractLanguageEndpoint.handleMessage(LanguageEndpoint.xtend:67)
	at io.typefox.lsapi.services.transport.AbstractLanguageEndpoint.lambda$connect$4(LanguageEndpoint.xtend:61)
	at io.typefox.lsapi.services.json.StreamMessageReader$1.apply(StreamMessageReader.java:46)
	at io.typefox.lsapi.services.json.StreamMessageReader$1.apply(StreamMessageReader.java:44)
	at io.typefox.lsapi.services.json.StreamMessageReader.handleMessage(StreamMessageReader.xtend:128)
	at io.typefox.lsapi.services.json.StreamMessageReader.listen(StreamMessageReader.xtend:61)
	at io.typefox.lsapi.services.transport.AbstractLanguageEndpoint.connect(LanguageEndpoint.xtend:60)
	at org.javacs.Main.run(Main.java:150)
	at org.javacs.Main.main(Main.java:69)

INFO	?	main	2017-02-05T20:30:01.806Z	org.javacs.JavaLanguageServer#doLint	Lint [/Users/siddardhaboddapati/Documents/GitHub/DataStructuresJavaFifth/Java5thAlgos/Chapter 5: Stacks And Queues/Stack_Interface/test.java]
SEVERE	?	main	2017-02-05T20:30:04.010Z	org.javacs.Main$4#onError	Can't find configuration file for /Users/siddardhaboddapati/Documents/GitHub/DataStructuresJavaFifth/Java5thAlgos/Chapter 5: Stacks And Queues/Stack_Interface/test.java
org.javacs.NoJavaConfigException: Can't find configuration file for /Users/siddardhaboddapati/Documents/GitHub/DataStructuresJavaFifth/Java5thAlgos/Chapter 5: Stacks And Queues/Stack_Interface/test.java
	at org.javacs.JavaLanguageServer.lambda$findCompiler$21(JavaLanguageServer.java:479)
	at java.util.Optional.orElseThrow(Optional.java:290)
	at org.javacs.JavaLanguageServer.findCompiler(JavaLanguageServer.java:479)
	at org.javacs.JavaLanguageServer.autocomplete(JavaLanguageServer.java:1057)
	at org.javacs.JavaLanguageServer$1.completion(JavaLanguageServer.java:108)
	at io.typefox.lsapi.services.transport.server.LanguageServerEndpoint._doAccept(LanguageServerEndpoint.xtend:126)
	at io.typefox.lsapi.services.transport.server.LanguageServerEndpoint.doAccept(LanguageServerEndpoint.xtend:117)
	at io.typefox.lsapi.services.transport.server.LanguageServerEndpoint.accept(LanguageServerEndpoint.xtend:114)
	at io.typefox.lsapi.services.transport.server.LanguageServerEndpoint.accept(LanguageServerEndpoint.xtend)
	at io.typefox.lsapi.services.transport.AbstractLanguageEndpoint.handleMessage(LanguageEndpoint.xtend:67)
	at io.typefox.lsapi.services.transport.AbstractLanguageEndpoint.lambda$connect$4(LanguageEndpoint.xtend:61)
	at io.typefox.lsapi.services.json.StreamMessageReader$1.apply(StreamMessageReader.java:46)
	at io.typefox.lsapi.services.json.StreamMessageReader$1.apply(StreamMessageReader.java:44)
	at io.typefox.lsapi.services.json.StreamMessageReader.handleMessage(StreamMessageReader.xtend:128)
	at io.typefox.lsapi.services.json.StreamMessageReader.listen(StreamMessageReader.xtend:61)
	at io.typefox.lsapi.services.transport.AbstractLanguageEndpoint.connect(LanguageEndpoint.xtend:60)
	at org.javacs.Main.run(Main.java:150)
	at org.javacs.Main.main(Main.java:69)

SEVERE	?	main	2017-02-05T20:30:05.489Z	org.javacs.Main$4#onError	Can't find configuration file for /Users/siddardhaboddapati/Documents/GitHub/DataStructuresJavaFifth/Java5thAlgos/Chapter 5: Stacks And Queues/Stack_Interface/test.java
org.javacs.NoJavaConfigException: Can't find configuration file for /Users/siddardhaboddapati/Documents/GitHub/DataStructuresJavaFifth/Java5thAlgos/Chapter 5: Stacks And Queues/Stack_Interface/test.java
	at org.javacs.JavaLanguageServer.lambda$findCompiler$21(JavaLanguageServer.java:479)
	at java.util.Optional.orElseThrow(Optional.java:290)
	at org.javacs.JavaLanguageServer.findCompiler(JavaLanguageServer.java:479)
	at org.javacs.JavaLanguageServer.autocomplete(JavaLanguageServer.java:1057)
	at org.javacs.JavaLanguageServer$1.completion(JavaLanguageServer.java:108)
	at io.typefox.lsapi.services.transport.server.LanguageServerEndpoint._doAccept(LanguageServerEndpoint.xtend:126)
	at io.typefox.lsapi.services.transport.server.LanguageServerEndpoint.doAccept(LanguageServerEndpoint.xtend:117)
	at io.typefox.lsapi.services.transport.server.LanguageServerEndpoint.accept(LanguageServerEndpoint.xtend:114)
	at io.typefox.lsapi.services.transport.server.LanguageServerEndpoint.accept(LanguageServerEndpoint.xtend)
	at io.typefox.lsapi.services.transport.AbstractLanguageEndpoint.handleMessage(LanguageEndpoint.xtend:67)
	at io.typefox.lsapi.services.transport.AbstractLanguageEndpoint.lambda$connect$4(LanguageEndpoint.xtend:61)
	at io.typefox.lsapi.services.json.StreamMessageReader$1.apply(StreamMessageReader.java:46)
	at io.typefox.lsapi.services.json.StreamMessageReader$1.apply(StreamMessageReader.java:44)
	at io.typefox.lsapi.services.json.StreamMessageReader.handleMessage(StreamMessageReader.xtend:128)
	at io.typefox.lsapi.services.json.StreamMessageReader.listen(StreamMessageReader.xtend:61)
	at io.typefox.lsapi.services.transport.AbstractLanguageEndpoint.connect(LanguageEndpoint.xtend:60)
	at org.javacs.Main.run(Main.java:150)
	at org.javacs.Main.main(Main.java:69)

SEVERE	?	main	2017-02-05T20:30:07.616Z	org.javacs.Main$4#onError	Can't find configuration file for /Users/siddardhaboddapati/Documents/GitHub/DataStructuresJavaFifth/Java5thAlgos/Chapter 5: Stacks And Queues/Stack_Interface/test.java
org.javacs.NoJavaConfigException: Can't find configuration file for /Users/siddardhaboddapati/Documents/GitHub/DataStructuresJavaFifth/Java5thAlgos/Chapter 5: Stacks And Queues/Stack_Interface/test.java
	at org.javacs.JavaLanguageServer.lambda$findCompiler$21(JavaLanguageServer.java:479)
	at java.util.Optional.orElseThrow(Optional.java:290)
	at org.javacs.JavaLanguageServer.findCompiler(JavaLanguageServer.java:479)
	at org.javacs.JavaLanguageServer.autocomplete(JavaLanguageServer.java:1057)
	at org.javacs.JavaLanguageServer$1.completion(JavaLanguageServer.java:108)
	at io.typefox.lsapi.services.transport.server.LanguageServerEndpoint._doAccept(LanguageServerEndpoint.xtend:126)
	at io.typefox.lsapi.services.transport.server.LanguageServerEndpoint.doAccept(LanguageServerEndpoint.xtend:117)
	at io.typefox.lsapi.services.transport.server.LanguageServerEndpoint.accept(LanguageServerEndpoint.xtend:114)
	at io.typefox.lsapi.services.transport.server.LanguageServerEndpoint.accept(LanguageServerEndpoint.xtend)
	at io.typefox.lsapi.services.transport.AbstractLanguageEndpoint.handleMessage(LanguageEndpoint.xtend:67)
	at io.typefox.lsapi.services.transport.AbstractLanguageEndpoint.lambda$connect$4(LanguageEndpoint.xtend:61)
	at io.typefox.lsapi.services.json.StreamMessageReader$1.apply(StreamMessageReader.java:46)
	at io.typefox.lsapi.services.json.StreamMessageReader$1.apply(StreamMessageReader.java:44)
	at io.typefox.lsapi.services.json.StreamMessageReader.handleMessage(StreamMessageReader.xtend:128)
	at io.typefox.lsapi.services.json.StreamMessageReader.listen(StreamMessageReader.xtend:61)
	at io.typefox.lsapi.services.transport.AbstractLanguageEndpoint.connect(LanguageEndpoint.xtend:60)
	at org.javacs.Main.run(Main.java:150)
	at org.javacs.Main.main(Main.java:69)

SEVERE	?	main	2017-02-05T20:30:08.171Z	org.javacs.Main$4#onError	Can't find configuration file for /Users/siddardhaboddapati/Documents/GitHub/DataStructuresJavaFifth/Java5thAlgos/Chapter 5: Stacks And Queues/Stack_Interface/test.java
org.javacs.NoJavaConfigException: Can't find configuration file for /Users/siddardhaboddapati/Documents/GitHub/DataStructuresJavaFifth/Java5thAlgos/Chapter 5: Stacks And Queues/Stack_Interface/test.java
	at org.javacs.JavaLanguageServer.lambda$findCompiler$21(JavaLanguageServer.java:479)
	at java.util.Optional.orElseThrow(Optional.java:290)
	at org.javacs.JavaLanguageServer.findCompiler(JavaLanguageServer.java:479)
	at org.javacs.JavaLanguageServer.autocomplete(JavaLanguageServer.java:1057)
	at org.javacs.JavaLanguageServer$1.completion(JavaLanguageServer.java:108)
	at io.typefox.lsapi.services.transport.server.LanguageServerEndpoint._doAccept(LanguageServerEndpoint.xtend:126)
	at io.typefox.lsapi.services.transport.server.LanguageServerEndpoint.doAccept(LanguageServerEndpoint.xtend:117)
	at io.typefox.lsapi.services.transport.server.LanguageServerEndpoint.accept(LanguageServerEndpoint.xtend:114)
	at io.typefox.lsapi.services.transport.server.LanguageServerEndpoint.accept(LanguageServerEndpoint.xtend)
	at io.typefox.lsapi.services.transport.AbstractLanguageEndpoint.handleMessage(LanguageEndpoint.xtend:67)
	at io.typefox.lsapi.services.transport.AbstractLanguageEndpoint.lambda$connect$4(LanguageEndpoint.xtend:61)
	at io.typefox.lsapi.services.json.StreamMessageReader$1.apply(StreamMessageReader.java:46)
	at io.typefox.lsapi.services.json.StreamMessageReader$1.apply(StreamMessageReader.java:44)
	at io.typefox.lsapi.services.json.StreamMessageReader.handleMessage(StreamMessageReader.xtend:128)
	at io.typefox.lsapi.services.json.StreamMessageReader.listen(StreamMessageReader.xtend:61)
	at io.typefox.lsapi.services.transport.AbstractLanguageEndpoint.connect(LanguageEndpoint.xtend:60)
	at org.javacs.Main.run(Main.java:150)
	at org.javacs.Main.main(Main.java:69)

SEVERE	?	main	2017-02-05T20:30:09.394Z	org.javacs.Main$4#onError	Can't find configuration file for /Users/siddardhaboddapati/Documents/GitHub/DataStructuresJavaFifth/Java5thAlgos/Chapter 5: Stacks And Queues/Stack_Interface/test.java
org.javacs.NoJavaConfigException: Can't find configuration file for /Users/siddardhaboddapati/Documents/GitHub/DataStructuresJavaFifth/Java5thAlgos/Chapter 5: Stacks And Queues/Stack_Interface/test.java
	at org.javacs.JavaLanguageServer.lambda$findCompiler$21(JavaLanguageServer.java:479)
	at java.util.Optional.orElseThrow(Optional.java:290)
	at org.javacs.JavaLanguageServer.findCompiler(JavaLanguageServer.java:479)
	at org.javacs.JavaLanguageServer.autocomplete(JavaLanguageServer.java:1057)
	at org.javacs.JavaLanguageServer$1.completion(JavaLanguageServer.java:108)
	at io.typefox.lsapi.services.transport.server.LanguageServerEndpoint._doAccept(LanguageServerEndpoint.xtend:126)
	at io.typefox.lsapi.services.transport.server.LanguageServerEndpoint.doAccept(LanguageServerEndpoint.xtend:117)
	at io.typefox.lsapi.services.transport.server.LanguageServerEndpoint.accept(LanguageServerEndpoint.xtend:114)
	at io.typefox.lsapi.services.transport.server.LanguageServerEndpoint.accept(LanguageServerEndpoint.xtend)
	at io.typefox.lsapi.services.transport.AbstractLanguageEndpoint.handleMessage(LanguageEndpoint.xtend:67)
	at io.typefox.lsapi.services.transport.AbstractLanguageEndpoint.lambda$connect$4(LanguageEndpoint.xtend:61)
	at io.typefox.lsapi.services.json.StreamMessageReader$1.apply(StreamMessageReader.java:46)
	at io.typefox.lsapi.services.json.StreamMessageReader$1.apply(StreamMessageReader.java:44)
	at io.typefox.lsapi.services.json.StreamMessageReader.handleMessage(StreamMessageReader.xtend:128)
	at io.typefox.lsapi.services.json.StreamMessageReader.listen(StreamMessageReader.xtend:61)
	at io.typefox.lsapi.services.transport.AbstractLanguageEndpoint.connect(LanguageEndpoint.xtend:60)
	at org.javacs.Main.run(Main.java:150)
	at org.javacs.Main.main(Main.java:69)

SEVERE	?	main	2017-02-05T20:30:11.409Z	org.javacs.Main$4#onError	Can't find configuration file for /Users/siddardhaboddapati/Documents/GitHub/DataStructuresJavaFifth/Java5thAlgos/Chapter 5: Stacks And Queues/Stack_Interface/test.java
org.javacs.NoJavaConfigException: Can't find configuration file for /Users/siddardhaboddapati/Documents/GitHub/DataStructuresJavaFifth/Java5thAlgos/Chapter 5: Stacks And Queues/Stack_Interface/test.java
	at org.javacs.JavaLanguageServer.lambda$findCompiler$21(JavaLanguageServer.java:479)
	at java.util.Optional.orElseThrow(Optional.java:290)
	at org.javacs.JavaLanguageServer.findCompiler(JavaLanguageServer.java:479)
	at org.javacs.JavaLanguageServer.autocomplete(JavaLanguageServer.java:1057)
	at org.javacs.JavaLanguageServer$1.completion(JavaLanguageServer.java:108)
	at io.typefox.lsapi.services.transport.server.LanguageServerEndpoint._doAccept(LanguageServerEndpoint.xtend:126)
	at io.typefox.lsapi.services.transport.server.LanguageServerEndpoint.doAccept(LanguageServerEndpoint.xtend:117)
	at io.typefox.lsapi.services.transport.server.LanguageServerEndpoint.accept(LanguageServerEndpoint.xtend:114)
	at io.typefox.lsapi.services.transport.server.LanguageServerEndpoint.accept(LanguageServerEndpoint.xtend)
	at io.typefox.lsapi.services.transport.AbstractLanguageEndpoint.handleMessage(LanguageEndpoint.xtend:67)
	at io.typefox.lsapi.services.transport.AbstractLanguageEndpoint.lambda$connect$4(LanguageEndpoint.xtend:61)
	at io.typefox.lsapi.services.json.StreamMessageReader$1.apply(StreamMessageReader.java:46)
	at io.typefox.lsapi.services.json.StreamMessageReader$1.apply(StreamMessageReader.java:44)
	at io.typefox.lsapi.services.json.StreamMessageReader.handleMessage(StreamMessageReader.xtend:128)
	at io.typefox.lsapi.services.json.StreamMessageReader.listen(StreamMessageReader.xtend:61)
	at io.typefox.lsapi.services.transport.AbstractLanguageEndpoint.connect(LanguageEndpoint.xtend:60)
	at org.javacs.Main.run(Main.java:150)
	at org.javacs.Main.main(Main.java:69)

INFO	?	main	2017-02-05T20:30:14.119Z	org.javacs.JavaLanguageServer#doLint	Lint [/Users/siddardhaboddapati/Documents/GitHub/DataStructuresJavaFifth/Java5thAlgos/Chapter 5: Stacks And Queues/Stack_Interface/test.java, /Users/siddardhaboddapati/Documents/GitHub/DataStructuresJavaFifth/Java5thAlgos/Chapter 5: Stacks And Queues/Stack_Interface/Stack.java, /Users/siddardhaboddapati/Documents/GitHub/DataStructuresJavaFifth/Java5thAlgos/Chapter 5: Stacks And Queues/Stack_Interface/ArrayStack.java]
INFO	?	main	2017-02-05T20:30:18.790Z	org.javacs.JavaLanguageServer#doLint	Lint [/Users/siddardhaboddapati/Documents/GitHub/DataStructuresJavaFifth/Java5thAlgos/Chapter 5: Stacks And Queues/Stack_Interface/test.java, /Users/siddardhaboddapati/Documents/GitHub/DataStructuresJavaFifth/Java5thAlgos/Chapter 5: Stacks And Queues/Stack_Interface/Stack.java, /Users/siddardhaboddapati/Documents/GitHub/DataStructuresJavaFifth/Java5thAlgos/Chapter 5: Stacks And Queues/Stack_Interface/ArrayStack.java]
INFO	?	main	2017-02-05T20:30:21.069Z	org.javacs.JavaLanguageServer#doLint	Lint [/Users/siddardhaboddapati/Documents/GitHub/DataStructuresJavaFifth/Java5thAlgos/Chapter 5: Stacks And Queues/Stack_Interface/test.java, /Users/siddardhaboddapati/Documents/GitHub/DataStructuresJavaFifth/Java5thAlgos/Chapter 5: Stacks And Queues/Stack_Interface/Stack.java, /Users/siddardhaboddapati/Documents/GitHub/DataStructuresJavaFifth/Java5thAlgos/Chapter 5: Stacks And Queues/Stack_Interface/ArrayStack.java]
INFO	?	main	2017-02-05T20:30:29.910Z	org.javacs.Main#run	Connection closed
